{"level":"error","message":"💀 MAX RETRIES EXCEEDED for RITA OPASHI","service":"kingsforms-automation","timestamp":"2025-10-28 22:06:02"}
{"level":"error","message":"💀 MAX RETRIES EXCEEDED for Adeyinka Tinuade","service":"kingsforms-automation","timestamp":"2025-10-28 22:06:13"}
{"level":"error","message":"💀 MAX RETRIES EXCEEDED for KANAMKAI JAULE","service":"kingsforms-automation","timestamp":"2025-10-28 22:06:22"}
{"level":"error","message":"💀 MAX RETRIES EXCEEDED for Sylvester Ambrose","service":"kingsforms-automation","timestamp":"2025-10-28 22:06:33"}
{"level":"error","message":"💀 MAX RETRIES EXCEEDED for Soso Anthony","service":"kingsforms-automation","timestamp":"2025-10-28 22:06:44"}
{"level":"error","message":"💀 MAX RETRIES EXCEEDED for Shaibu Sunday","service":"kingsforms-automation","timestamp":"2025-10-28 22:06:54"}
{"level":"error","message":"💀 MAX RETRIES EXCEEDED for Onuoha Chukwuemeka","service":"kingsforms-automation","timestamp":"2025-10-28 22:07:05"}
{"level":"error","message":"💀 MAX RETRIES EXCEEDED for Uwem Gentle","service":"kingsforms-automation","timestamp":"2025-10-28 22:07:16"}
{"level":"error","message":"💀 MAX RETRIES EXCEEDED for Frank Egede","service":"kingsforms-automation","timestamp":"2025-10-28 22:07:27"}
{"level":"error","message":"💀 MAX RETRIES EXCEEDED for Frank Egede","service":"kingsforms-automation","timestamp":"2025-10-28 22:07:39"}
{"level":"error","message":"💀 MAX RETRIES EXCEEDED for Christian Nwoke","service":"kingsforms-automation","timestamp":"2025-10-28 22:07:48"}
{"level":"error","message":"💀 MAX RETRIES EXCEEDED for Precious Opuwari","service":"kingsforms-automation","timestamp":"2025-10-28 22:07:58"}
{"level":"error","message":"💀 MAX RETRIES EXCEEDED for Chiedu Ebolum","service":"kingsforms-automation","timestamp":"2025-10-28 22:08:08"}
{"level":"error","message":"💀 MAX RETRIES EXCEEDED for Benjamin Chukwuyem","service":"kingsforms-automation","timestamp":"2025-10-28 22:08:18"}
{"level":"error","message":"💀 MAX RETRIES EXCEEDED for Gift Ebolum","service":"kingsforms-automation","timestamp":"2025-10-28 22:08:28"}
{"level":"error","message":"💀 MAX RETRIES EXCEEDED for Bridget Ogwori","service":"kingsforms-automation","timestamp":"2025-10-28 22:08:41"}
{"level":"error","message":"💀 MAX RETRIES EXCEEDED for Kelson Onoriode","service":"kingsforms-automation","timestamp":"2025-10-28 22:08:51"}
{"level":"error","message":"💀 MAX RETRIES EXCEEDED for Justice Nyodee-Barika","service":"kingsforms-automation","timestamp":"2025-10-28 22:09:01"}
{"level":"error","message":"💀 MAX RETRIES EXCEEDED for Harry Abidde","service":"kingsforms-automation","timestamp":"2025-10-28 22:09:12"}
{"level":"error","message":"💀 MAX RETRIES EXCEEDED for Charles Akunwa","service":"kingsforms-automation","timestamp":"2025-10-28 22:09:22"}
{"level":"error","message":"💀 MAX RETRIES EXCEEDED for Olaolu Ibiyeye","service":"kingsforms-automation","timestamp":"2025-10-28 22:09:32"}
{"level":"error","message":"💀 MAX RETRIES EXCEEDED for Olaolu Ibiyeye","service":"kingsforms-automation","timestamp":"2025-10-28 22:09:42"}
{"level":"error","message":"💀 MAX RETRIES EXCEEDED for Bekee Samuel","service":"kingsforms-automation","timestamp":"2025-10-28 22:09:53"}
{"level":"error","message":"💀 MAX RETRIES EXCEEDED for Akintoye Akinmusire","service":"kingsforms-automation","timestamp":"2025-10-28 22:10:04"}
{"level":"error","message":"💀 MAX RETRIES EXCEEDED for Justice Nyodee-Barika","service":"kingsforms-automation","timestamp":"2025-10-28 22:10:14"}
{"level":"error","message":"💀 MAX RETRIES EXCEEDED for Noel Anuge","service":"kingsforms-automation","timestamp":"2025-10-28 22:10:24"}
{"level":"error","message":"💀 MAX RETRIES EXCEEDED for Uche ONYEMEFOLU","service":"kingsforms-automation","timestamp":"2025-10-28 22:10:34"}
{"level":"error","message":"💀 MAX RETRIES EXCEEDED for Charles Osuji","service":"kingsforms-automation","timestamp":"2025-10-28 22:10:44"}
{"level":"error","message":"💀 MAX RETRIES EXCEEDED for Charles Osuji","service":"kingsforms-automation","timestamp":"2025-10-28 22:10:55"}
{"level":"error","message":"💀 MAX RETRIES EXCEEDED for Linus Etim","service":"kingsforms-automation","timestamp":"2025-10-28 22:11:06"}
{"level":"error","message":"💀 MAX RETRIES EXCEEDED for BEATRICE NWIDAG","service":"kingsforms-automation","timestamp":"2025-10-28 22:11:16"}
{"level":"error","message":"💀 MAX RETRIES EXCEEDED for Charles Akunwa","service":"kingsforms-automation","timestamp":"2025-10-28 22:11:26"}
{"level":"error","message":"💀 MAX RETRIES EXCEEDED for Chima Nsitem","service":"kingsforms-automation","timestamp":"2025-10-28 22:11:36"}
{"level":"error","message":"💀 MAX RETRIES EXCEEDED for Martins Oyakhilome","service":"kingsforms-automation","timestamp":"2025-10-28 22:11:47"}
{"level":"error","message":"💀 MAX RETRIES EXCEEDED for ALAEMI BROWN","service":"kingsforms-automation","timestamp":"2025-10-28 22:11:58"}
{"level":"error","message":"💀 MAX RETRIES EXCEEDED for Boma Opuene","service":"kingsforms-automation","timestamp":"2025-10-28 22:12:09"}
{"level":"error","message":"💀 MAX RETRIES EXCEEDED for Gloria Ayodeji-Fapohunda","service":"kingsforms-automation","timestamp":"2025-10-28 22:12:19"}
{"level":"error","message":"💀 MAX RETRIES EXCEEDED for Echezona Etiaba","service":"kingsforms-automation","timestamp":"2025-10-28 22:12:30"}
{"level":"error","message":"💀 MAX RETRIES EXCEEDED for Echezona Etiaba","service":"kingsforms-automation","timestamp":"2025-10-28 22:12:41"}
{"level":"error","message":"💀 MAX RETRIES EXCEEDED for Blessing Anuge","service":"kingsforms-automation","timestamp":"2025-10-28 22:12:51"}
{"level":"error","message":"💀 MAX RETRIES EXCEEDED for OLUWAROTIMI AKINSULIRE","service":"kingsforms-automation","timestamp":"2025-10-28 22:13:02"}
{"level":"error","message":"💀 MAX RETRIES EXCEEDED for Damilola Nwaribe","service":"kingsforms-automation","timestamp":"2025-10-28 22:13:14"}
{"level":"error","message":"💀 MAX RETRIES EXCEEDED for Johnson Ume","service":"kingsforms-automation","timestamp":"2025-10-28 22:13:25"}
{"level":"error","message":"💀 MAX RETRIES EXCEEDED for DANIEL ANAZONWU","service":"kingsforms-automation","timestamp":"2025-10-28 22:13:35"}
{"level":"error","message":"💀 MAX RETRIES EXCEEDED for Akinsola Akinkunmi","service":"kingsforms-automation","timestamp":"2025-10-28 22:13:46"}
{"level":"error","message":"💀 MAX RETRIES EXCEEDED for Godwin Minima","service":"kingsforms-automation","timestamp":"2025-10-28 22:13:57"}
{"level":"error","message":"💀 MAX RETRIES EXCEEDED for TYOYILA AGA","service":"kingsforms-automation","timestamp":"2025-10-28 22:14:09"}
{"level":"error","message":"💀 MAX RETRIES EXCEEDED for Petronilla Nwafor","service":"kingsforms-automation","timestamp":"2025-10-28 22:14:20"}
{"level":"error","message":"💀 MAX RETRIES EXCEEDED for Rosetta Bob-Manuel","service":"kingsforms-automation","timestamp":"2025-10-28 22:14:32"}
{"level":"error","message":"💀 MAX RETRIES EXCEEDED for Mildred Amakiri","service":"kingsforms-automation","timestamp":"2025-10-28 22:14:42"}
{"level":"error","message":"💀 MAX RETRIES EXCEEDED for Wuraola Aga","service":"kingsforms-automation","timestamp":"2025-10-28 22:14:52"}
{"level":"error","message":"💀 MAX RETRIES EXCEEDED for ANGELA KELSON-ONORIODE","service":"kingsforms-automation","timestamp":"2025-10-28 22:15:03"}
{"level":"error","message":"💀 MAX RETRIES EXCEEDED for Steven Surname","service":"kingsforms-automation","timestamp":"2025-10-28 22:15:13"}
{"level":"error","message":"💀 MAX RETRIES EXCEEDED for Sylvanus Ezeobi","service":"kingsforms-automation","timestamp":"2025-10-28 22:15:23"}
{"level":"error","message":"💀 MAX RETRIES EXCEEDED for NORIN  EZEOKUOYE OGHU","service":"kingsforms-automation","timestamp":"2025-10-28 22:15:33"}
{"level":"error","message":"💀 MAX RETRIES EXCEEDED for NORIN  EZEOKUOYE OGHU","service":"kingsforms-automation","timestamp":"2025-10-28 22:15:43"}
{"level":"error","message":"💀 MAX RETRIES EXCEEDED for KECHINYERUM ELENWO","service":"kingsforms-automation","timestamp":"2025-10-28 22:15:54"}
{"level":"error","message":"💀 MAX RETRIES EXCEEDED for Onajite King Eyaguobo","service":"kingsforms-automation","timestamp":"2025-10-28 22:16:04"}
{"level":"error","message":"💀 MAX RETRIES EXCEEDED for BEN UZERE","service":"kingsforms-automation","timestamp":"2025-10-28 22:16:15"}
{"level":"error","message":"💀 MAX RETRIES EXCEEDED for Akinsola Akinkunmi","service":"kingsforms-automation","timestamp":"2025-10-28 22:16:26"}
{"level":"error","message":"💀 MAX RETRIES EXCEEDED for Precious Ogu","service":"kingsforms-automation","timestamp":"2025-10-28 22:16:36"}
{"level":"error","message":"💀 MAX RETRIES EXCEEDED for DORIS NNADI","service":"kingsforms-automation","timestamp":"2025-10-28 22:16:46"}
{"level":"error","message":"💀 MAX RETRIES EXCEEDED for Sebastian Amenkhienan","service":"kingsforms-automation","timestamp":"2025-10-28 22:16:57"}
{"level":"error","message":"💀 MAX RETRIES EXCEEDED for Bright Orluwosu","service":"kingsforms-automation","timestamp":"2025-10-28 22:17:08"}
{"level":"error","message":"💀 MAX RETRIES EXCEEDED for Hope Ofoegbu","service":"kingsforms-automation","timestamp":"2025-10-28 22:17:19"}
{"level":"error","message":"💀 MAX RETRIES EXCEEDED for Hope Etura","service":"kingsforms-automation","timestamp":"2025-10-28 22:17:30"}
{"level":"error","message":"💀 MAX RETRIES EXCEEDED for Ubong Ubom","service":"kingsforms-automation","timestamp":"2025-10-28 22:17:42"}
{"level":"error","message":"💀 MAX RETRIES EXCEEDED for Chineze Udoeyop","service":"kingsforms-automation","timestamp":"2025-10-28 22:17:53"}
{"level":"error","message":"💀 MAX RETRIES EXCEEDED for Nathaniel John","service":"kingsforms-automation","timestamp":"2025-10-28 22:18:03"}
{"level":"error","message":"💀 MAX RETRIES EXCEEDED for Emi Davies","service":"kingsforms-automation","timestamp":"2025-10-28 22:18:14"}
{"level":"error","message":"💀 MAX RETRIES EXCEEDED for Awongo Amachree","service":"kingsforms-automation","timestamp":"2025-10-28 22:18:25"}
{"level":"error","message":"💀 MAX RETRIES EXCEEDED for Mbuotidem Ekwere","service":"kingsforms-automation","timestamp":"2025-10-28 22:18:35"}
{"level":"error","message":"💀 MAX RETRIES EXCEEDED for PRECIOUS Eyu","service":"kingsforms-automation","timestamp":"2025-10-28 22:18:45"}
{"level":"error","message":"💀 MAX RETRIES EXCEEDED for Princess Augustine","service":"kingsforms-automation","timestamp":"2025-10-28 22:18:55"}
{"level":"error","message":"💀 MAX RETRIES EXCEEDED for Pat Uche Nwulu","service":"kingsforms-automation","timestamp":"2025-10-28 22:19:06"}
{"level":"error","message":"💀 MAX RETRIES EXCEEDED for Loliya Koko","service":"kingsforms-automation","timestamp":"2025-10-28 22:19:16"}
{"level":"error","message":"💀 MAX RETRIES EXCEEDED for Saviour Moses","service":"kingsforms-automation","timestamp":"2025-10-28 22:19:27"}
{"level":"error","message":"💀 MAX RETRIES EXCEEDED for Victory ogbonda","service":"kingsforms-automation","timestamp":"2025-10-28 22:19:37"}
{"level":"error","message":"💀 MAX RETRIES EXCEEDED for Lawrence Agulonu","service":"kingsforms-automation","timestamp":"2025-10-28 22:19:46"}
{"level":"error","message":"💀 MAX RETRIES EXCEEDED for Blessing Sunday","service":"kingsforms-automation","timestamp":"2025-10-28 22:19:57"}
{"level":"error","message":"💀 MAX RETRIES EXCEEDED for Lilian Habila Ekamen","service":"kingsforms-automation","timestamp":"2025-10-28 22:20:08"}
{"level":"error","message":"💀 MAX RETRIES EXCEEDED for Nsikan Inyang","service":"kingsforms-automation","timestamp":"2025-10-28 22:20:19"}
{"level":"error","message":"💀 MAX RETRIES EXCEEDED for Praise Ikonne","service":"kingsforms-automation","timestamp":"2025-10-28 22:20:31"}
{"level":"error","message":"💀 MAX RETRIES EXCEEDED for Ikponmwosa Dirikebamor","service":"kingsforms-automation","timestamp":"2025-10-28 22:20:41"}
{"level":"error","message":"💀 MAX RETRIES EXCEEDED for Japaniya Monday","service":"kingsforms-automation","timestamp":"2025-10-28 22:20:54"}
{"level":"error","message":"💀 MAX RETRIES EXCEEDED for John Anyanwu","service":"kingsforms-automation","timestamp":"2025-10-28 22:21:05"}
{"level":"error","message":"💀 MAX RETRIES EXCEEDED for Obubeleye wealth Bako","service":"kingsforms-automation","timestamp":"2025-10-28 22:21:16"}
{"level":"error","message":"💀 MAX RETRIES EXCEEDED for Obubeleye wealth Bako","service":"kingsforms-automation","timestamp":"2025-10-28 22:21:27"}
{"level":"error","message":"💀 MAX RETRIES EXCEEDED for Rita Okoro","service":"kingsforms-automation","timestamp":"2025-10-28 22:21:38"}
{"level":"error","message":"💀 MAX RETRIES EXCEEDED for Joyce Akindele","service":"kingsforms-automation","timestamp":"2025-10-28 22:21:48"}
{"level":"error","message":"💀 MAX RETRIES EXCEEDED for Kirstin Ference Udika","service":"kingsforms-automation","timestamp":"2025-10-28 22:21:58"}
{"level":"error","message":"💀 MAX RETRIES EXCEEDED for Wadoye Victor","service":"kingsforms-automation","timestamp":"2025-10-28 22:22:10"}
{"level":"error","message":"💀 MAX RETRIES EXCEEDED for Memoye Ference Udika","service":"kingsforms-automation","timestamp":"2025-10-28 22:22:21"}
{"level":"error","message":"💀 MAX RETRIES EXCEEDED for Pearl Ibulubo","service":"kingsforms-automation","timestamp":"2025-10-28 22:22:31"}
{"level":"error","message":"💀 MAX RETRIES EXCEEDED for Esther Wilcox","service":"kingsforms-automation","timestamp":"2025-10-28 22:22:41"}
{"level":"error","message":"💀 MAX RETRIES EXCEEDED for Esther Wilcox","service":"kingsforms-automation","timestamp":"2025-10-28 22:22:51"}
{"level":"error","message":"💀 MAX RETRIES EXCEEDED for Nwankwo Emmanuella","service":"kingsforms-automation","timestamp":"2025-10-28 22:23:01"}
{"level":"error","message":"💀 MAX RETRIES EXCEEDED for Queen Ucheowaji","service":"kingsforms-automation","timestamp":"2025-10-28 22:23:12"}
{"level":"error","message":"💀 MAX RETRIES EXCEEDED for LILIAN CHIDIEBERE","service":"kingsforms-automation","timestamp":"2025-10-28 22:23:22"}
{"level":"error","message":"💀 MAX RETRIES EXCEEDED for Silver Bietonka","service":"kingsforms-automation","timestamp":"2025-10-28 22:23:32"}
{"level":"error","message":"💀 MAX RETRIES EXCEEDED for Silver Bietonka","service":"kingsforms-automation","timestamp":"2025-10-28 22:23:44"}
{"level":"error","message":"💀 MAX RETRIES EXCEEDED for ANGELA  OSARIEMEN OYAMENDA","service":"kingsforms-automation","timestamp":"2025-10-28 22:23:54"}
{"level":"error","message":"💀 MAX RETRIES EXCEEDED for Paulking Dike","service":"kingsforms-automation","timestamp":"2025-10-28 22:24:04"}
{"level":"error","message":"💀 MAX RETRIES EXCEEDED for Paulking Dike","service":"kingsforms-automation","timestamp":"2025-10-28 22:24:14"}
{"level":"error","message":"💀 MAX RETRIES EXCEEDED for Unye-awaji Ben Lionn","service":"kingsforms-automation","timestamp":"2025-10-28 22:24:24"}
{"level":"error","message":"💀 MAX RETRIES EXCEEDED for Lawrenta Obaseki","service":"kingsforms-automation","timestamp":"2025-10-28 22:24:34"}
{"level":"error","message":"💀 MAX RETRIES EXCEEDED for Uchechi Nwahiri","service":"kingsforms-automation","timestamp":"2025-10-28 22:24:44"}
{"level":"error","message":"💀 MAX RETRIES EXCEEDED for Chioma Lydia Kadiri","service":"kingsforms-automation","timestamp":"2025-10-28 22:24:54"}
{"level":"error","message":"💀 MAX RETRIES EXCEEDED for Linda Uantioje","service":"kingsforms-automation","timestamp":"2025-10-28 22:25:05"}
{"level":"error","message":"💀 MAX RETRIES EXCEEDED for Esther Oshogbunu","service":"kingsforms-automation","timestamp":"2025-10-28 22:25:15"}
{"level":"error","message":"💀 MAX RETRIES EXCEEDED for Sandra Ifi","service":"kingsforms-automation","timestamp":"2025-10-28 22:25:25"}
{"level":"error","message":"💀 MAX RETRIES EXCEEDED for Irene Ihuoma","service":"kingsforms-automation","timestamp":"2025-10-28 22:25:35"}
{"level":"error","message":"💀 MAX RETRIES EXCEEDED for Ifeomq Atuegbunam","service":"kingsforms-automation","timestamp":"2025-10-28 22:25:45"}
{"level":"error","message":"💀 MAX RETRIES EXCEEDED for Abasiama Israel","service":"kingsforms-automation","timestamp":"2025-10-28 22:25:56"}
{"level":"error","message":"💀 MAX RETRIES EXCEEDED for Patience Eyo","service":"kingsforms-automation","timestamp":"2025-10-28 22:26:06"}
{"level":"error","message":"💀 MAX RETRIES EXCEEDED for Bobmanuel Onyebuchi","service":"kingsforms-automation","timestamp":"2025-10-28 22:26:16"}
{"level":"error","message":"💀 MAX RETRIES EXCEEDED for MIRIAM ANOLABA","service":"kingsforms-automation","timestamp":"2025-10-28 22:26:27"}
{"level":"error","message":"💀 MAX RETRIES EXCEEDED for Evergreen Jonah","service":"kingsforms-automation","timestamp":"2025-10-28 22:26:38"}
{"level":"error","message":"💀 MAX RETRIES EXCEEDED for Jonah Ukoh","service":"kingsforms-automation","timestamp":"2025-10-28 22:26:48"}
{"level":"error","message":"💀 MAX RETRIES EXCEEDED for Blessing Akhigbe","service":"kingsforms-automation","timestamp":"2025-10-28 22:26:59"}
{"level":"error","message":"💀 MAX RETRIES EXCEEDED for Charity Ezie","service":"kingsforms-automation","timestamp":"2025-10-28 22:27:10"}
{"level":"error","message":"💀 MAX RETRIES EXCEEDED for Charity Ezie","service":"kingsforms-automation","timestamp":"2025-10-28 22:27:20"}
{"level":"error","message":"💀 MAX RETRIES EXCEEDED for Charity Ezie","service":"kingsforms-automation","timestamp":"2025-10-28 22:27:31"}
{"level":"error","message":"💀 MAX RETRIES EXCEEDED for Charity Ezie","service":"kingsforms-automation","timestamp":"2025-10-28 22:27:42"}
{"level":"error","message":"💀 MAX RETRIES EXCEEDED for Onyekachi Ubajiofor","service":"kingsforms-automation","timestamp":"2025-10-28 22:27:51"}
{"level":"error","message":"💀 MAX RETRIES EXCEEDED for Charity Ezie","service":"kingsforms-automation","timestamp":"2025-10-28 22:28:01"}
{"level":"error","message":"💀 MAX RETRIES EXCEEDED for Mary Eromosele Henry","service":"kingsforms-automation","timestamp":"2025-10-28 22:28:11"}
{"level":"error","message":"💀 MAX RETRIES EXCEEDED for Mary Eromosele Henry","service":"kingsforms-automation","timestamp":"2025-10-28 22:28:20"}
{"level":"error","message":"💀 MAX RETRIES EXCEEDED for Mary Eromosele Henry","service":"kingsforms-automation","timestamp":"2025-10-28 22:28:29"}
{"level":"error","message":"💀 MAX RETRIES EXCEEDED for Mary Eromosele Henry","service":"kingsforms-automation","timestamp":"2025-10-28 22:28:39"}
{"level":"error","message":"💀 MAX RETRIES EXCEEDED for Mary Eromosele Henry","service":"kingsforms-automation","timestamp":"2025-10-28 22:28:48"}
{"level":"error","message":"💀 MAX RETRIES EXCEEDED for LORDE KENYA Phoebe NK","service":"kingsforms-automation","timestamp":"2025-10-28 22:28:57"}
{"level":"error","message":"💀 MAX RETRIES EXCEEDED for LORDE KENYA ELVIS Elera","service":"kingsforms-automation","timestamp":"2025-10-28 22:29:07"}
{"level":"error","message":"💀 MAX RETRIES EXCEEDED for Faith Ebuh","service":"kingsforms-automation","timestamp":"2025-10-28 22:29:16"}
{"level":"error","message":"💀 MAX RETRIES EXCEEDED for Soma Oloche","service":"kingsforms-automation","timestamp":"2025-10-28 22:29:26"}
{"level":"error","message":"💀 MAX RETRIES EXCEEDED for Esther Isaac","service":"kingsforms-automation","timestamp":"2025-10-28 22:29:36"}
{"level":"error","message":"💀 MAX RETRIES EXCEEDED for Heart Ogiri","service":"kingsforms-automation","timestamp":"2025-10-28 22:29:45"}
{"level":"error","message":"💀 MAX RETRIES EXCEEDED for Oghale Ogbe","service":"kingsforms-automation","timestamp":"2025-10-28 22:29:55"}
{"level":"error","message":"💀 MAX RETRIES EXCEEDED for Nwosu Gideon","service":"kingsforms-automation","timestamp":"2025-10-28 22:30:04"}
{"level":"error","message":"💀 MAX RETRIES EXCEEDED for Harmony Viniel","service":"kingsforms-automation","timestamp":"2025-10-28 22:30:15"}
{"level":"error","message":"💀 MAX RETRIES EXCEEDED for Zoe Solomon","service":"kingsforms-automation","timestamp":"2025-10-28 22:30:24"}
{"level":"error","message":"💀 MAX RETRIES EXCEEDED for Zoe Solomon","service":"kingsforms-automation","timestamp":"2025-10-28 22:30:33"}
{"level":"error","message":"💀 MAX RETRIES EXCEEDED for Zoe Solomon","service":"kingsforms-automation","timestamp":"2025-10-28 22:30:43"}
{"level":"error","message":"💀 MAX RETRIES EXCEEDED for Zoe Solomon","service":"kingsforms-automation","timestamp":"2025-10-28 22:30:52"}
{"level":"error","message":"💀 MAX RETRIES EXCEEDED for Zoe Solomon","service":"kingsforms-automation","timestamp":"2025-10-28 22:31:02"}
{"level":"error","message":"💀 MAX RETRIES EXCEEDED for Chioma Isaac","service":"kingsforms-automation","timestamp":"2025-10-28 22:31:11"}
{"level":"error","message":"💀 MAX RETRIES EXCEEDED for Ununuma Chikere","service":"kingsforms-automation","timestamp":"2025-10-28 22:31:20"}
{"level":"error","message":"💀 MAX RETRIES EXCEEDED for Chioma Ajoku","service":"kingsforms-automation","timestamp":"2025-10-28 22:31:30"}
{"level":"error","message":"💀 MAX RETRIES EXCEEDED for Ozioma Isoma","service":"kingsforms-automation","timestamp":"2025-10-28 22:31:39"}
{"level":"error","message":"💀 MAX RETRIES EXCEEDED for Soibima Anah","service":"kingsforms-automation","timestamp":"2025-10-28 22:31:48"}
{"level":"error","message":"💀 MAX RETRIES EXCEEDED for Joy Raphael","service":"kingsforms-automation","timestamp":"2025-10-28 22:31:57"}
{"level":"error","message":"💀 MAX RETRIES EXCEEDED for Josephine Fubara","service":"kingsforms-automation","timestamp":"2025-10-28 22:32:07"}
{"level":"error","message":"💀 MAX RETRIES EXCEEDED for Juliet Thompson","service":"kingsforms-automation","timestamp":"2025-10-28 22:32:17"}
{"level":"error","message":"💀 MAX RETRIES EXCEEDED for Chikaodinaka Okpomeshina","service":"kingsforms-automation","timestamp":"2025-10-28 22:32:29"}
{"level":"error","message":"💀 MAX RETRIES EXCEEDED for Jane Johnson","service":"kingsforms-automation","timestamp":"2025-10-28 22:32:39"}
{"level":"error","message":"💀 MAX RETRIES EXCEEDED for Victor Matthew","service":"kingsforms-automation","timestamp":"2025-10-28 22:32:49"}
{"level":"error","message":"💀 MAX RETRIES EXCEEDED for Christopher Chigozie","service":"kingsforms-automation","timestamp":"2025-10-28 22:32:58"}
{"level":"error","message":"💀 MAX RETRIES EXCEEDED for Nkechi Linus","service":"kingsforms-automation","timestamp":"2025-10-28 22:33:08"}
{"level":"error","message":"💀 MAX RETRIES EXCEEDED for Progress Gordon","service":"kingsforms-automation","timestamp":"2025-10-28 22:33:17"}
{"level":"error","message":"💀 MAX RETRIES EXCEEDED for Progress Gordon","service":"kingsforms-automation","timestamp":"2025-10-28 22:33:26"}
{"level":"error","message":"💀 MAX RETRIES EXCEEDED for Josephine Anietie","service":"kingsforms-automation","timestamp":"2025-10-28 22:33:35"}
{"level":"error","message":"💀 MAX RETRIES EXCEEDED for SILAS GODFREY","service":"kingsforms-automation","timestamp":"2025-10-28 22:33:45"}
{"level":"error","message":"💀 MAX RETRIES EXCEEDED for Israel Anwuri","service":"kingsforms-automation","timestamp":"2025-10-28 22:33:54"}
{"level":"error","message":"💀 MAX RETRIES EXCEEDED for INYENE BENSON","service":"kingsforms-automation","timestamp":"2025-10-28 22:34:03"}
{"level":"error","message":"💀 MAX RETRIES EXCEEDED for Aniebiet Johnson","service":"kingsforms-automation","timestamp":"2025-10-28 22:34:13"}
{"level":"error","message":"💀 MAX RETRIES EXCEEDED for FAVOUR Sammy","service":"kingsforms-automation","timestamp":"2025-10-28 22:34:22"}
{"level":"error","message":"💀 MAX RETRIES EXCEEDED for Destiny Nsitem","service":"kingsforms-automation","timestamp":"2025-10-28 22:34:33"}
{"level":"error","message":"💀 MAX RETRIES EXCEEDED for Richard Richard","service":"kingsforms-automation","timestamp":"2025-10-28 22:34:43"}
{"level":"error","message":"💀 MAX RETRIES EXCEEDED for Chikwo Inyene","service":"kingsforms-automation","timestamp":"2025-10-28 22:34:53"}
{"level":"error","message":"💀 MAX RETRIES EXCEEDED for Gift George","service":"kingsforms-automation","timestamp":"2025-10-28 22:35:03"}
{"level":"error","message":"💀 MAX RETRIES EXCEEDED for Udo Mba","service":"kingsforms-automation","timestamp":"2025-10-28 22:35:13"}
{"level":"error","message":"💀 MAX RETRIES EXCEEDED for Ese Obioru","service":"kingsforms-automation","timestamp":"2025-10-28 22:35:22"}
{"level":"error","message":"💀 MAX RETRIES EXCEEDED for Hope Ezekiel","service":"kingsforms-automation","timestamp":"2025-10-28 22:35:32"}
{"level":"error","message":"💀 MAX RETRIES EXCEEDED for Adaobi Nwafor","service":"kingsforms-automation","timestamp":"2025-10-28 22:35:42"}
{"level":"error","message":"💀 MAX RETRIES EXCEEDED for Kingsley Bassey","service":"kingsforms-automation","timestamp":"2025-10-28 22:35:53"}
{"level":"error","message":"💀 MAX RETRIES EXCEEDED for Joy Akugbo","service":"kingsforms-automation","timestamp":"2025-10-28 22:36:02"}
{"level":"error","message":"💀 MAX RETRIES EXCEEDED for Abiodun Ogunsanya","service":"kingsforms-automation","timestamp":"2025-10-28 22:36:12"}
{"level":"error","message":"💀 MAX RETRIES EXCEEDED for Mercy Davies","service":"kingsforms-automation","timestamp":"2025-10-28 22:36:22"}
{"level":"error","message":"💀 MAX RETRIES EXCEEDED for Heritage Imo","service":"kingsforms-automation","timestamp":"2025-10-28 22:36:32"}
{"level":"error","message":"💀 MAX RETRIES EXCEEDED for Grace Bassey","service":"kingsforms-automation","timestamp":"2025-10-28 22:36:42"}
{"level":"error","message":"💀 MAX RETRIES EXCEEDED for Charity Ezie","service":"kingsforms-automation","timestamp":"2025-10-28 22:36:52"}
{"level":"error","message":"💀 MAX RETRIES EXCEEDED for Omoh Philomina","service":"kingsforms-automation","timestamp":"2025-10-28 22:37:02"}
{"level":"error","message":"💀 MAX RETRIES EXCEEDED for Omoh Philomina","service":"kingsforms-automation","timestamp":"2025-10-28 22:37:12"}
{"level":"error","message":"💀 MAX RETRIES EXCEEDED for Omoh Philomina","service":"kingsforms-automation","timestamp":"2025-10-28 22:37:21"}
{"level":"error","message":"💀 MAX RETRIES EXCEEDED for Oreva Otunabruke","service":"kingsforms-automation","timestamp":"2025-10-28 22:37:31"}
{"level":"error","message":"💀 MAX RETRIES EXCEEDED for BLESSING ONYEIWU","service":"kingsforms-automation","timestamp":"2025-10-28 22:37:40"}
{"level":"error","message":"💀 MAX RETRIES EXCEEDED for Ogechi Fah","service":"kingsforms-automation","timestamp":"2025-10-28 22:37:50"}
{"level":"error","message":"💀 MAX RETRIES EXCEEDED for Chizaram Emmanuel","service":"kingsforms-automation","timestamp":"2025-10-28 22:37:59"}
{"level":"error","message":"💀 MAX RETRIES EXCEEDED for Joseph Nwachi","service":"kingsforms-automation","timestamp":"2025-10-28 22:38:09"}
{"level":"error","message":"💀 MAX RETRIES EXCEEDED for Adelakun Precious","service":"kingsforms-automation","timestamp":"2025-10-28 22:38:18"}
{"level":"error","message":"💀 MAX RETRIES EXCEEDED for Smile Nwambu","service":"kingsforms-automation","timestamp":"2025-10-28 22:38:27"}
{"level":"error","message":"💀 MAX RETRIES EXCEEDED for Nkeiruka Eborka","service":"kingsforms-automation","timestamp":"2025-10-28 22:38:36"}
{"level":"error","message":"💀 MAX RETRIES EXCEEDED for Eloho Elizabeth Onyemefolu","service":"kingsforms-automation","timestamp":"2025-10-28 22:38:47"}
{"level":"error","message":"💀 MAX RETRIES EXCEEDED for Onyekachi Ubajiofor","service":"kingsforms-automation","timestamp":"2025-10-28 22:38:57"}
{"level":"error","message":"💀 MAX RETRIES EXCEEDED for Bridget Adoyiukwu","service":"kingsforms-automation","timestamp":"2025-10-28 22:39:06"}
{"level":"error","message":"💀 MAX RETRIES EXCEEDED for Ezeabasili John Nana","service":"kingsforms-automation","timestamp":"2025-10-28 22:39:15"}
{"level":"error","message":"💀 MAX RETRIES EXCEEDED for Prosper Gabriel-Aigbe","service":"kingsforms-automation","timestamp":"2025-10-28 22:39:25"}
{"level":"error","message":"💀 MAX RETRIES EXCEEDED for Henshaw David Osepiribo","service":"kingsforms-automation","timestamp":"2025-10-28 22:39:35"}
{"level":"error","message":"💀 MAX RETRIES EXCEEDED for Clementina Yeboah","service":"kingsforms-automation","timestamp":"2025-10-28 22:39:44"}
{"level":"error","message":"💀 MAX RETRIES EXCEEDED for Eugenia Nwankpa","service":"kingsforms-automation","timestamp":"2025-10-28 22:39:55"}
{"level":"error","message":"💀 MAX RETRIES EXCEEDED for Pamela ochei Oladokun","service":"kingsforms-automation","timestamp":"2025-10-28 22:40:05"}
{"level":"error","message":"💀 MAX RETRIES EXCEEDED for Bayiah Tobins","service":"kingsforms-automation","timestamp":"2025-10-28 22:40:15"}
{"level":"error","message":"💀 MAX RETRIES EXCEEDED for Amanda Benibo","service":"kingsforms-automation","timestamp":"2025-10-28 22:40:26"}
{"level":"error","message":"💀 MAX RETRIES EXCEEDED for Amanda Benibo","service":"kingsforms-automation","timestamp":"2025-10-28 22:40:44"}
{"level":"error","message":"💀 MAX RETRIES EXCEEDED for Vivian Chiefson","service":"kingsforms-automation","timestamp":"2025-10-28 22:40:54"}
{"level":"error","message":"💀 MAX RETRIES EXCEEDED for Henshaw David Eladah","service":"kingsforms-automation","timestamp":"2025-10-28 22:41:04"}
{"level":"error","message":"💀 MAX RETRIES EXCEEDED for Henshaw David Charis","service":"kingsforms-automation","timestamp":"2025-10-28 22:41:17"}
{"level":"error","message":"💀 MAX RETRIES EXCEEDED for Amarachi Ovundah","service":"kingsforms-automation","timestamp":"2025-10-28 22:41:27"}
{"level":"error","message":"💀 MAX RETRIES EXCEEDED for Solomon Light","service":"kingsforms-automation","timestamp":"2025-10-28 22:41:36"}
{"level":"error","message":"💀 MAX RETRIES EXCEEDED for Solomon Light","service":"kingsforms-automation","timestamp":"2025-10-28 22:41:47"}
{"level":"error","message":"💀 MAX RETRIES EXCEEDED for Solomon Light","service":"kingsforms-automation","timestamp":"2025-10-28 22:41:57"}
{"level":"error","message":"💀 MAX RETRIES EXCEEDED for Solomon Light","service":"kingsforms-automation","timestamp":"2025-10-28 22:42:08"}
{"level":"error","message":"💀 MAX RETRIES EXCEEDED for Wisdom Michael","service":"kingsforms-automation","timestamp":"2025-10-28 22:42:18"}
{"level":"error","message":"💀 MAX RETRIES EXCEEDED for Kelvinrain Michael","service":"kingsforms-automation","timestamp":"2025-10-28 22:42:27"}
{"level":"error","message":"💀 MAX RETRIES EXCEEDED for Priscillia Johnmark","service":"kingsforms-automation","timestamp":"2025-10-28 22:42:37"}
{"level":"error","message":"💀 MAX RETRIES EXCEEDED for Uche Etiaba","service":"kingsforms-automation","timestamp":"2025-10-28 22:42:49"}
{"level":"error","message":"💀 MAX RETRIES EXCEEDED for Joshua Enoma","service":"kingsforms-automation","timestamp":"2025-10-28 22:42:59"}
{"level":"error","message":"💀 MAX RETRIES EXCEEDED for Pearl IBULUBO","service":"kingsforms-automation","timestamp":"2025-10-28 22:43:08"}
{"level":"error","message":"💀 MAX RETRIES EXCEEDED for Balafakuma Diepre","service":"kingsforms-automation","timestamp":"2025-10-28 22:43:19"}
{"level":"error","message":"💀 MAX RETRIES EXCEEDED for Peace Oyyah","service":"kingsforms-automation","timestamp":"2025-10-28 22:43:29"}
{"level":"error","message":"💀 MAX RETRIES EXCEEDED for Christian George","service":"kingsforms-automation","timestamp":"2025-10-28 22:43:40"}
{"level":"error","message":"💀 MAX RETRIES EXCEEDED for Godspeace Eshua","service":"kingsforms-automation","timestamp":"2025-10-28 22:43:49"}
{"level":"error","message":"💀 MAX RETRIES EXCEEDED for VICTOR SUNDAY","service":"kingsforms-automation","timestamp":"2025-10-28 22:43:59"}
{"level":"error","message":"💀 MAX RETRIES EXCEEDED for Esther Wilcox","service":"kingsforms-automation","timestamp":"2025-10-28 22:44:08"}
{"level":"error","message":"💀 MAX RETRIES EXCEEDED for Esther Wilcox","service":"kingsforms-automation","timestamp":"2025-10-28 22:44:18"}
{"level":"error","message":"💀 MAX RETRIES EXCEEDED for Andrea Solomon","service":"kingsforms-automation","timestamp":"2025-10-28 22:44:29"}
{"level":"error","message":"💀 MAX RETRIES EXCEEDED for Andrea Solomon","service":"kingsforms-automation","timestamp":"2025-10-28 22:44:39"}
{"level":"error","message":"💀 MAX RETRIES EXCEEDED for Andrea Solomon","service":"kingsforms-automation","timestamp":"2025-10-28 22:44:48"}
{"level":"error","message":"💀 MAX RETRIES EXCEEDED for Wadoye Victor Sunday","service":"kingsforms-automation","timestamp":"2025-10-28 22:44:58"}
{"level":"error","message":"💀 MAX RETRIES EXCEEDED for Solomon Light","service":"kingsforms-automation","timestamp":"2025-10-28 22:45:07"}
{"level":"error","message":"💀 MAX RETRIES EXCEEDED for Solomon Light","service":"kingsforms-automation","timestamp":"2025-10-28 22:45:16"}
{"level":"error","message":"💀 MAX RETRIES EXCEEDED for Solomon Light","service":"kingsforms-automation","timestamp":"2025-10-28 22:45:26"}
{"level":"error","message":"💀 MAX RETRIES EXCEEDED for Solomon Light","service":"kingsforms-automation","timestamp":"2025-10-28 22:45:36"}
{"level":"error","message":"💀 MAX RETRIES EXCEEDED for Solomon Light","service":"kingsforms-automation","timestamp":"2025-10-28 22:45:45"}
{"level":"error","message":"💀 MAX RETRIES EXCEEDED for Solomon Light","service":"kingsforms-automation","timestamp":"2025-10-28 22:45:55"}
{"level":"error","message":"💀 MAX RETRIES EXCEEDED for Solomon Light","service":"kingsforms-automation","timestamp":"2025-10-28 22:46:05"}
{"level":"error","message":"💀 MAX RETRIES EXCEEDED for Solomon Light","service":"kingsforms-automation","timestamp":"2025-10-28 22:46:15"}
{"level":"error","message":"💀 MAX RETRIES EXCEEDED for Solomon Light","service":"kingsforms-automation","timestamp":"2025-10-28 22:46:25"}
{"level":"error","message":"💀 MAX RETRIES EXCEEDED for Seibidor Emilia","service":"kingsforms-automation","timestamp":"2025-10-28 22:46:35"}
{"level":"error","message":"💀 MAX RETRIES EXCEEDED for Precious Wuche","service":"kingsforms-automation","timestamp":"2025-10-28 22:46:45"}
{"level":"error","message":"💀 MAX RETRIES EXCEEDED for Sandra Ifi","service":"kingsforms-automation","timestamp":"2025-10-28 22:46:54"}
{"level":"error","message":"💀 MAX RETRIES EXCEEDED for Precious Prince","service":"kingsforms-automation","timestamp":"2025-10-28 22:47:03"}
{"level":"error","message":"💀 MAX RETRIES EXCEEDED for Obelem Ndidi Ike","service":"kingsforms-automation","timestamp":"2025-10-28 22:47:13"}
{"level":"error","message":"💀 MAX RETRIES EXCEEDED for Obelem Ndidi Ike","service":"kingsforms-automation","timestamp":"2025-10-28 22:47:22"}
{"level":"error","message":"💀 MAX RETRIES EXCEEDED for Rhodaline Charles Ave","service":"kingsforms-automation","timestamp":"2025-10-28 22:47:32"}
{"level":"error","message":"💀 MAX RETRIES EXCEEDED for Hope Allen-Hanachor","service":"kingsforms-automation","timestamp":"2025-10-28 22:47:41"}
{"level":"error","message":"💀 MAX RETRIES EXCEEDED for Francis Ikhifa","service":"kingsforms-automation","timestamp":"2025-10-28 22:47:50"}
{"level":"error","message":"💀 MAX RETRIES EXCEEDED for Francis Ikhifa","service":"kingsforms-automation","timestamp":"2025-10-28 22:48:00"}
{"level":"error","message":"💀 MAX RETRIES EXCEEDED for Clement Okobe","service":"kingsforms-automation","timestamp":"2025-10-28 22:48:09"}
{"level":"error","message":"💀 MAX RETRIES EXCEEDED for Ihuoma Wolu","service":"kingsforms-automation","timestamp":"2025-10-28 22:48:18"}
{"level":"error","message":"💀 MAX RETRIES EXCEEDED for Gift Chijioke ONYEGBU Chijioke","service":"kingsforms-automation","timestamp":"2025-10-28 22:48:27"}
{"level":"error","message":"💀 MAX RETRIES EXCEEDED for Janet George","service":"kingsforms-automation","timestamp":"2025-10-28 22:48:36"}
{"level":"error","message":"💀 MAX RETRIES EXCEEDED for Chinyere Emmanuel","service":"kingsforms-automation","timestamp":"2025-10-28 22:48:46"}
{"level":"error","message":"💀 MAX RETRIES EXCEEDED for Abel Edward Nmegbu","service":"kingsforms-automation","timestamp":"2025-10-28 22:48:55"}
{"level":"error","message":"💀 MAX RETRIES EXCEEDED for Godswill Orji","service":"kingsforms-automation","timestamp":"2025-10-28 22:49:05"}
{"level":"error","message":"💀 MAX RETRIES EXCEEDED for Stephen Uba Achugbulem","service":"kingsforms-automation","timestamp":"2025-10-28 22:49:14"}
{"level":"error","message":"💀 MAX RETRIES EXCEEDED for Stephen Uba Achugbulem","service":"kingsforms-automation","timestamp":"2025-10-28 22:49:25"}
{"level":"error","message":"💀 MAX RETRIES EXCEEDED for Stephen Uba Achugbulem","service":"kingsforms-automation","timestamp":"2025-10-28 22:49:35"}
{"level":"error","message":"💀 MAX RETRIES EXCEEDED for Stephen Uba Achugbulem","service":"kingsforms-automation","timestamp":"2025-10-28 22:49:44"}
{"level":"error","message":"💀 MAX RETRIES EXCEEDED for Stephen Uba Achugbulem","service":"kingsforms-automation","timestamp":"2025-10-28 22:49:54"}
{"level":"error","message":"💀 MAX RETRIES EXCEEDED for Stephen Uba Achugbulem","service":"kingsforms-automation","timestamp":"2025-10-28 22:50:03"}
{"level":"error","message":"💀 MAX RETRIES EXCEEDED for Agams Ambrose","service":"kingsforms-automation","timestamp":"2025-10-28 22:50:13"}
{"level":"error","message":"💀 MAX RETRIES EXCEEDED for Roland Oputa","service":"kingsforms-automation","timestamp":"2025-10-28 22:50:22"}
{"level":"error","message":"💀 MAX RETRIES EXCEEDED for Isaac Udom","service":"kingsforms-automation","timestamp":"2025-10-28 22:50:31"}
{"level":"error","message":"💀 MAX RETRIES EXCEEDED for EMMANUEL IFEDIGBO","service":"kingsforms-automation","timestamp":"2025-10-28 22:50:40"}
{"level":"error","message":"💀 MAX RETRIES EXCEEDED for EMMANUEL IFEDIGBO","service":"kingsforms-automation","timestamp":"2025-10-28 22:50:50"}
{"level":"error","message":"💀 MAX RETRIES EXCEEDED for Juliet Thompson","service":"kingsforms-automation","timestamp":"2025-10-28 22:51:02"}
{"level":"error","message":"💀 MAX RETRIES EXCEEDED for Inegbenedion Emmanuel","service":"kingsforms-automation","timestamp":"2025-10-28 22:51:12"}
{"level":"error","message":"💀 MAX RETRIES EXCEEDED for Usoro Inyang","service":"kingsforms-automation","timestamp":"2025-10-28 22:51:21"}
{"level":"error","message":"💀 MAX RETRIES EXCEEDED for Brother Riiboh","service":"kingsforms-automation","timestamp":"2025-10-28 22:51:30"}
{"level":"error","message":"💀 MAX RETRIES EXCEEDED for Etinosa Joy Imade","service":"kingsforms-automation","timestamp":"2025-10-28 22:51:40"}
{"level":"error","message":"💀 MAX RETRIES EXCEEDED for Blessing Shedrack","service":"kingsforms-automation","timestamp":"2025-10-28 22:51:49"}
{"level":"error","message":"💀 MAX RETRIES EXCEEDED for Benjamin Green","service":"kingsforms-automation","timestamp":"2025-10-28 22:51:59"}
{"level":"error","message":"💀 MAX RETRIES EXCEEDED for Chuku Austine","service":"kingsforms-automation","timestamp":"2025-10-28 22:52:09"}
{"level":"error","message":"💀 MAX RETRIES EXCEEDED for Voke Adjanakpo","service":"kingsforms-automation","timestamp":"2025-10-28 22:52:19"}
{"level":"error","message":"💀 MAX RETRIES EXCEEDED for Benjamin Green","service":"kingsforms-automation","timestamp":"2025-10-28 22:52:29"}
{"level":"error","message":"💀 MAX RETRIES EXCEEDED for Rhema Dima Dede","service":"kingsforms-automation","timestamp":"2025-10-28 22:52:40"}
{"level":"error","message":"💀 MAX RETRIES EXCEEDED for Rhema Dima Dede","service":"kingsforms-automation","timestamp":"2025-10-28 22:52:49"}
{"level":"error","message":"💀 MAX RETRIES EXCEEDED for Edward Bekeh","service":"kingsforms-automation","timestamp":"2025-10-28 22:52:59"}
{"level":"error","message":"💀 MAX RETRIES EXCEEDED for Diepreye Sounyo","service":"kingsforms-automation","timestamp":"2025-10-28 22:53:08"}
{"level":"error","message":"💀 MAX RETRIES EXCEEDED for Olowonbi Benson","service":"kingsforms-automation","timestamp":"2025-10-28 22:53:18"}
{"level":"error","message":"💀 MAX RETRIES EXCEEDED for Lelesi London","service":"kingsforms-automation","timestamp":"2025-10-28 22:53:27"}
{"level":"error","message":"💀 MAX RETRIES EXCEEDED for Doris Kalagbor","service":"kingsforms-automation","timestamp":"2025-10-28 22:53:37"}
{"level":"error","message":"💀 MAX RETRIES EXCEEDED for Boma Fubara","service":"kingsforms-automation","timestamp":"2025-10-28 22:53:47"}
{"level":"error","message":"💀 MAX RETRIES EXCEEDED for Chinedu Ossai","service":"kingsforms-automation","timestamp":"2025-10-28 22:53:56"}
{"level":"error","message":"💀 MAX RETRIES EXCEEDED for HARRISON GODSPOWER","service":"kingsforms-automation","timestamp":"2025-10-28 22:54:06"}
{"level":"error","message":"💀 MAX RETRIES EXCEEDED for Ruth Igboh","service":"kingsforms-automation","timestamp":"2025-10-28 22:54:16"}
{"level":"error","message":"💀 MAX RETRIES EXCEEDED for JUANITA ISOMA","service":"kingsforms-automation","timestamp":"2025-10-28 22:54:25"}
{"level":"error","message":"💀 MAX RETRIES EXCEEDED for Daniella Ajari","service":"kingsforms-automation","timestamp":"2025-10-28 22:54:35"}
{"level":"error","message":"💀 MAX RETRIES EXCEEDED for Kelly-Whyte Kio","service":"kingsforms-automation","timestamp":"2025-10-28 22:54:44"}
{"level":"error","message":"💀 MAX RETRIES EXCEEDED for Precious Tamunoene","service":"kingsforms-automation","timestamp":"2025-10-28 22:54:54"}
{"level":"error","message":"💀 MAX RETRIES EXCEEDED for Precious Tamunoene","service":"kingsforms-automation","timestamp":"2025-10-28 22:55:04"}
{"level":"error","message":"💀 MAX RETRIES EXCEEDED for Jerry Ejemighaye","service":"kingsforms-automation","timestamp":"2025-10-28 22:55:14"}
{"level":"error","message":"💀 MAX RETRIES EXCEEDED for Chineze Udoeyop","service":"kingsforms-automation","timestamp":"2025-10-28 22:55:23"}
{"level":"error","message":"💀 MAX RETRIES EXCEEDED for Orji Basil","service":"kingsforms-automation","timestamp":"2025-10-28 22:55:33"}
{"level":"error","message":"💀 MAX RETRIES EXCEEDED for Martha Laurence -Obi","service":"kingsforms-automation","timestamp":"2025-10-28 22:55:43"}
{"level":"error","message":"💀 MAX RETRIES EXCEEDED for IBISO ALERO OPUSUNJU","service":"kingsforms-automation","timestamp":"2025-10-28 22:55:53"}
{"level":"error","message":"💀 MAX RETRIES EXCEEDED for ALECIA OWANARI OPUSUNJU","service":"kingsforms-automation","timestamp":"2025-10-28 22:56:02"}
{"level":"error","message":"💀 MAX RETRIES EXCEEDED for Sharon Deborah Nwaiwu","service":"kingsforms-automation","timestamp":"2025-10-28 22:56:14"}
{"level":"error","message":"💀 MAX RETRIES EXCEEDED for Patience Eyo","service":"kingsforms-automation","timestamp":"2025-10-28 22:56:23"}
{"level":"error","message":"💀 MAX RETRIES EXCEEDED for James Odion","service":"kingsforms-automation","timestamp":"2025-10-28 22:56:33"}
{"level":"error","message":"💀 MAX RETRIES EXCEEDED for Confidence Franco","service":"kingsforms-automation","timestamp":"2025-10-28 22:56:44"}
{"level":"error","message":"💀 MAX RETRIES EXCEEDED for Christian Osasua","service":"kingsforms-automation","timestamp":"2025-10-28 22:56:53"}
{"level":"error","message":"💀 MAX RETRIES EXCEEDED for Eno Gentle","service":"kingsforms-automation","timestamp":"2025-10-28 22:57:04"}
{"level":"error","message":"💀 MAX RETRIES EXCEEDED for THANKGOD ESSOR","service":"kingsforms-automation","timestamp":"2025-10-28 22:57:15"}
{"level":"error","message":"💀 MAX RETRIES EXCEEDED for Otto John","service":"kingsforms-automation","timestamp":"2025-10-28 22:57:24"}
{"level":"error","message":"💀 MAX RETRIES EXCEEDED for Efemena Abraham","service":"kingsforms-automation","timestamp":"2025-10-28 22:57:34"}
{"level":"error","message":"💀 MAX RETRIES EXCEEDED for Efemena Abraham","service":"kingsforms-automation","timestamp":"2025-10-28 22:57:43"}
{"level":"error","message":"💀 MAX RETRIES EXCEEDED for Great Confidence franco","service":"kingsforms-automation","timestamp":"2025-10-28 22:57:53"}
{"level":"error","message":"💀 MAX RETRIES EXCEEDED for DEELE DAVID","service":"kingsforms-automation","timestamp":"2025-10-28 22:58:03"}
{"level":"error","message":"💀 MAX RETRIES EXCEEDED for Kelechi Okwuchukwu","service":"kingsforms-automation","timestamp":"2025-10-28 22:58:13"}
{"level":"error","message":"💀 MAX RETRIES EXCEEDED for Barnabas Adi","service":"kingsforms-automation","timestamp":"2025-10-28 22:58:22"}
{"level":"error","message":"💀 MAX RETRIES EXCEEDED for Obafemi Abidoye","service":"kingsforms-automation","timestamp":"2025-10-28 22:58:31"}
{"level":"error","message":"💀 MAX RETRIES EXCEEDED for Kelvin Oyorigho","service":"kingsforms-automation","timestamp":"2025-10-28 22:58:41"}
{"level":"error","message":"💀 MAX RETRIES EXCEEDED for JOHN EYIDIA","service":"kingsforms-automation","timestamp":"2025-10-28 22:58:51"}
{"level":"error","message":"💀 MAX RETRIES EXCEEDED for Franca Japaniya","service":"kingsforms-automation","timestamp":"2025-10-28 22:59:00"}
{"level":"error","message":"💀 MAX RETRIES EXCEEDED for Josephine Edet Umo","service":"kingsforms-automation","timestamp":"2025-10-28 22:59:10"}
{"level":"error","message":"💀 MAX RETRIES EXCEEDED for OKECHUKWU ONUIGBO","service":"kingsforms-automation","timestamp":"2025-10-28 22:59:19"}
{"level":"error","message":"💀 MAX RETRIES EXCEEDED for GLORIA UDOFIA","service":"kingsforms-automation","timestamp":"2025-10-28 22:59:29"}
{"level":"error","message":"💀 MAX RETRIES EXCEEDED for Adaeze Abednego","service":"kingsforms-automation","timestamp":"2025-10-28 22:59:39"}
{"level":"error","message":"💀 MAX RETRIES EXCEEDED for IKNENNA EGBUJO","service":"kingsforms-automation","timestamp":"2025-10-28 22:59:49"}
{"level":"error","message":"💀 MAX RETRIES EXCEEDED for CHOSEN PERES","service":"kingsforms-automation","timestamp":"2025-10-28 23:00:00"}
{"level":"error","message":"💀 MAX RETRIES EXCEEDED for CHIZOBA MOKWE","service":"kingsforms-automation","timestamp":"2025-10-28 23:00:10"}
{"level":"error","message":"💀 MAX RETRIES EXCEEDED for PROPHET KIO","service":"kingsforms-automation","timestamp":"2025-10-28 23:00:19"}
{"level":"error","message":"💀 MAX RETRIES EXCEEDED for FAITH DAEREGO","service":"kingsforms-automation","timestamp":"2025-10-28 23:00:29"}
{"level":"error","message":"💀 MAX RETRIES EXCEEDED for ANTHONY UGOCHUKWU","service":"kingsforms-automation","timestamp":"2025-10-28 23:00:39"}
{"level":"error","message":"💀 MAX RETRIES EXCEEDED for ROSE MICHAEL","service":"kingsforms-automation","timestamp":"2025-10-28 23:00:48"}
{"level":"error","message":"💀 MAX RETRIES EXCEEDED for Kolawole Olusegun","service":"kingsforms-automation","timestamp":"2025-10-28 23:00:58"}
{"level":"error","message":"💀 MAX RETRIES EXCEEDED for CHINYERE ADINDU","service":"kingsforms-automation","timestamp":"2025-10-28 23:01:07"}
{"level":"error","message":"💀 MAX RETRIES EXCEEDED for VICTORIA HOWELLS","service":"kingsforms-automation","timestamp":"2025-10-28 23:01:18"}
{"level":"error","message":"💀 MAX RETRIES EXCEEDED for AMARACHI AKALIRO","service":"kingsforms-automation","timestamp":"2025-10-28 23:01:27"}
{"level":"error","message":"💀 MAX RETRIES EXCEEDED for GODSLIGHT ANABRABA","service":"kingsforms-automation","timestamp":"2025-10-28 23:01:38"}
{"level":"error","message":"💀 MAX RETRIES EXCEEDED for Nnadieze Daniel Chinecherem","service":"kingsforms-automation","timestamp":"2025-10-28 23:01:47"}
{"level":"error","message":"💀 MAX RETRIES EXCEEDED for REJOICE TOCHUKWU","service":"kingsforms-automation","timestamp":"2025-10-28 23:01:58"}
{"level":"error","message":"💀 MAX RETRIES EXCEEDED for VICTORIA TELENAMI","service":"kingsforms-automation","timestamp":"2025-10-28 23:02:07"}
{"level":"error","message":"💀 MAX RETRIES EXCEEDED for Rita Joel","service":"kingsforms-automation","timestamp":"2025-10-28 23:02:17"}
{"level":"error","message":"💀 MAX RETRIES EXCEEDED for Veronica wanwuri Orji","service":"kingsforms-automation","timestamp":"2025-10-28 23:02:26"}
{"level":"error","message":"💀 MAX RETRIES EXCEEDED for WEALTH JOHNSON","service":"kingsforms-automation","timestamp":"2025-10-28 23:02:36"}
{"level":"error","message":"💀 MAX RETRIES EXCEEDED for Henry Chukwu","service":"kingsforms-automation","timestamp":"2025-10-28 23:02:45"}
{"level":"error","message":"💀 MAX RETRIES EXCEEDED for Uchechukwu Ukaoha","service":"kingsforms-automation","timestamp":"2025-10-28 23:02:55"}
{"level":"error","message":"💀 MAX RETRIES EXCEEDED for Charis Chinwe Amadi","service":"kingsforms-automation","timestamp":"2025-10-28 23:03:04"}
{"level":"error","message":"💀 MAX RETRIES EXCEEDED for Divinewill Wiche","service":"kingsforms-automation","timestamp":"2025-10-28 23:03:15"}
{"level":"error","message":"💀 MAX RETRIES EXCEEDED for Francis Anah","service":"kingsforms-automation","timestamp":"2025-10-28 23:03:25"}
{"level":"error","message":"💀 MAX RETRIES EXCEEDED for Jacobs Godday Awharitoma","service":"kingsforms-automation","timestamp":"2025-10-28 23:03:35"}
{"level":"error","message":"💀 MAX RETRIES EXCEEDED for Sophia Brown","service":"kingsforms-automation","timestamp":"2025-10-28 23:03:44"}
{"level":"error","message":"💀 MAX RETRIES EXCEEDED for Folorunso Moses","service":"kingsforms-automation","timestamp":"2025-10-28 23:03:54"}
{"level":"error","message":"💀 MAX RETRIES EXCEEDED for HENRY OLUMBA","service":"kingsforms-automation","timestamp":"2025-10-28 23:04:04"}
{"level":"error","message":"💀 MAX RETRIES EXCEEDED for Oluchi Ken-Agi","service":"kingsforms-automation","timestamp":"2025-10-28 23:04:13"}
{"level":"error","message":"💀 MAX RETRIES EXCEEDED for MARTINS DEKI","service":"kingsforms-automation","timestamp":"2025-10-28 23:04:22"}
{"level":"error","message":"💀 MAX RETRIES EXCEEDED for Stephen Uba Achugbulem","service":"kingsforms-automation","timestamp":"2025-10-28 23:04:32"}
{"level":"error","message":"💀 MAX RETRIES EXCEEDED for Stephen Uba Achugbulem","service":"kingsforms-automation","timestamp":"2025-10-28 23:04:41"}
{"level":"error","message":"💀 MAX RETRIES EXCEEDED for Stephen Uba Achugbulem","service":"kingsforms-automation","timestamp":"2025-10-28 23:04:51"}
{"level":"error","message":"💀 MAX RETRIES EXCEEDED for Stephen Uba Achugbulem","service":"kingsforms-automation","timestamp":"2025-10-28 23:05:01"}
{"level":"error","message":"💀 MAX RETRIES EXCEEDED for Stephen Uba Achugbulem","service":"kingsforms-automation","timestamp":"2025-10-28 23:05:12"}
{"level":"error","message":"💀 MAX RETRIES EXCEEDED for Stephen Uba Achugbulem","service":"kingsforms-automation","timestamp":"2025-10-28 23:05:21"}
{"level":"error","message":"💀 MAX RETRIES EXCEEDED for Victor Kasia","service":"kingsforms-automation","timestamp":"2025-10-28 23:05:31"}
{"level":"error","message":"💀 MAX RETRIES EXCEEDED for Victor Kasia","service":"kingsforms-automation","timestamp":"2025-10-28 23:05:40"}
{"level":"error","message":"💀 MAX RETRIES EXCEEDED for Nubee Annee","service":"kingsforms-automation","timestamp":"2025-10-28 23:05:49"}
{"level":"error","message":"💀 MAX RETRIES EXCEEDED for Olufolake Adesanya","service":"kingsforms-automation","timestamp":"2025-10-28 23:06:00"}
{"level":"error","message":"💀 MAX RETRIES EXCEEDED for Nsikan Inyang","service":"kingsforms-automation","timestamp":"2025-10-28 23:06:10"}
{"level":"error","message":"💀 MAX RETRIES EXCEEDED for PAUL SOTONYE","service":"kingsforms-automation","timestamp":"2025-10-28 23:06:19"}
{"level":"error","message":"💀 MAX RETRIES EXCEEDED for Rita Joe","service":"kingsforms-automation","timestamp":"2025-10-28 23:06:29"}
{"level":"error","message":"💀 MAX RETRIES EXCEEDED for MIRABEL ASIAFA","service":"kingsforms-automation","timestamp":"2025-10-28 23:06:41"}
{"level":"error","message":"💀 MAX RETRIES EXCEEDED for Charity Bassey","service":"kingsforms-automation","timestamp":"2025-10-28 23:06:51"}
{"level":"error","message":"💀 MAX RETRIES EXCEEDED for Ebika Rightchoice","service":"kingsforms-automation","timestamp":"2025-10-28 23:07:00"}
{"level":"error","message":"💀 MAX RETRIES EXCEEDED for Success Ibiene Shadrack","service":"kingsforms-automation","timestamp":"2025-10-28 23:07:10"}
{"level":"error","message":"💀 MAX RETRIES EXCEEDED for Charity Bassey","service":"kingsforms-automation","timestamp":"2025-10-28 23:07:19"}
{"level":"error","message":"💀 MAX RETRIES EXCEEDED for Richard Tari","service":"kingsforms-automation","timestamp":"2025-10-28 23:07:28"}
{"level":"error","message":"💀 MAX RETRIES EXCEEDED for Akuro Precious J","service":"kingsforms-automation","timestamp":"2025-10-28 23:07:38"}
{"level":"error","message":"💀 MAX RETRIES EXCEEDED for Akuro Precious J","service":"kingsforms-automation","timestamp":"2025-10-28 23:07:48"}
{"level":"error","message":"💀 MAX RETRIES EXCEEDED for Anita Chizoba Mottoh","service":"kingsforms-automation","timestamp":"2025-10-28 23:07:57"}
{"level":"error","message":"💀 MAX RETRIES EXCEEDED for Jennifer Anderson","service":"kingsforms-automation","timestamp":"2025-10-28 23:08:07"}
{"level":"error","message":"💀 MAX RETRIES EXCEEDED for Becky Fyneface","service":"kingsforms-automation","timestamp":"2025-10-28 23:08:17"}
{"level":"error","message":"💀 MAX RETRIES EXCEEDED for Lawrence Elijah","service":"kingsforms-automation","timestamp":"2025-10-28 23:08:27"}
{"level":"error","message":"💀 MAX RETRIES EXCEEDED for Tonye Keme","service":"kingsforms-automation","timestamp":"2025-10-28 23:08:36"}
{"level":"error","message":"💀 MAX RETRIES EXCEEDED for Precious Christian","service":"kingsforms-automation","timestamp":"2025-10-28 23:08:46"}
{"level":"error","message":"💀 MAX RETRIES EXCEEDED for Jackson Godday","service":"kingsforms-automation","timestamp":"2025-10-28 23:08:55"}
{"level":"error","message":"💀 MAX RETRIES EXCEEDED for Adelana Oduntan","service":"kingsforms-automation","timestamp":"2025-10-28 23:09:05"}
{"level":"error","message":"💀 MAX RETRIES EXCEEDED for Ibinabo Samuel","service":"kingsforms-automation","timestamp":"2025-10-28 23:09:15"}
{"level":"error","message":"💀 MAX RETRIES EXCEEDED for Wayanaboteke Adelana","service":"kingsforms-automation","timestamp":"2025-10-28 23:09:24"}
{"level":"error","message":"💀 MAX RETRIES EXCEEDED for TONYE BENJAMIN","service":"kingsforms-automation","timestamp":"2025-10-28 23:09:34"}
{"level":"error","message":"💀 MAX RETRIES EXCEEDED for EBITARI AKIDEI T","service":"kingsforms-automation","timestamp":"2025-10-28 23:09:43"}
{"level":"error","message":"💀 MAX RETRIES EXCEEDED for TONY TONYE","service":"kingsforms-automation","timestamp":"2025-10-28 23:09:53"}
{"level":"error","message":"💀 MAX RETRIES EXCEEDED for TOKONI TONYE","service":"kingsforms-automation","timestamp":"2025-10-28 23:10:02"}
{"level":"error","message":"💀 MAX RETRIES EXCEEDED for David Gift","service":"kingsforms-automation","timestamp":"2025-10-28 23:10:13"}
{"cause":{},"level":"error","message":"Automation failed: Navigating frame was detached","service":"kingsforms-automation","stack":"Error: Navigating frame was detached\n    at <instance_members_initializer> (C:\\Users\\snikb\\OneDrive\\Desktop\\kingsform-automation\\node_modules\\puppeteer-core\\lib\\cjs\\puppeteer\\cdp\\LifecycleWatcher.js:36:14)\n    at new LifecycleWatcher (C:\\Users\\snikb\\OneDrive\\Desktop\\kingsform-automation\\node_modules\\puppeteer-core\\lib\\cjs\\puppeteer\\cdp\\LifecycleWatcher.js:40:16)\n    at CdpFrame.waitForNavigation (C:\\Users\\snikb\\OneDrive\\Desktop\\kingsform-automation\\node_modules\\puppeteer-core\\lib\\cjs\\puppeteer\\cdp\\Frame.js:197:29)\n    at CdpFrame.<anonymous> (C:\\Users\\snikb\\OneDrive\\Desktop\\kingsform-automation\\node_modules\\puppeteer-core\\lib\\cjs\\puppeteer\\util\\decorators.js:109:27)\n    at CdpPage.waitForNavigation (C:\\Users\\snikb\\OneDrive\\Desktop\\kingsform-automation\\node_modules\\puppeteer-core\\lib\\cjs\\puppeteer\\api\\Page.js:603:43)\n    at CdpPage.reload (C:\\Users\\snikb\\OneDrive\\Desktop\\kingsform-automation\\node_modules\\puppeteer-core\\lib\\cjs\\puppeteer\\cdp\\Page.js:678:18)\n    at KingsFormsAutomationEngine.handleRetry (C:\\Users\\snikb\\OneDrive\\Desktop\\kingsform-automation\\src\\automationEngine.js:371:21)\n    at KingsFormsAutomationEngine.processRecord (C:\\Users\\snikb\\OneDrive\\Desktop\\kingsform-automation\\src\\automationEngine.js:190:22)\n    at async KingsFormsAutomationEngine.startAutomation (C:\\Users\\snikb\\OneDrive\\Desktop\\kingsform-automation\\src\\automationEngine.js:121:9)","timestamp":"2025-10-28 23:10:17"}
{"cause":{},"level":"error","message":"Automation failed: Navigating frame was detached","service":"kingsforms-automation","stack":"Error: Navigating frame was detached\n    at <instance_members_initializer> (C:\\Users\\snikb\\OneDrive\\Desktop\\kingsform-automation\\node_modules\\puppeteer-core\\lib\\cjs\\puppeteer\\cdp\\LifecycleWatcher.js:36:14)\n    at new LifecycleWatcher (C:\\Users\\snikb\\OneDrive\\Desktop\\kingsform-automation\\node_modules\\puppeteer-core\\lib\\cjs\\puppeteer\\cdp\\LifecycleWatcher.js:40:16)\n    at CdpFrame.waitForNavigation (C:\\Users\\snikb\\OneDrive\\Desktop\\kingsform-automation\\node_modules\\puppeteer-core\\lib\\cjs\\puppeteer\\cdp\\Frame.js:197:29)\n    at CdpFrame.<anonymous> (C:\\Users\\snikb\\OneDrive\\Desktop\\kingsform-automation\\node_modules\\puppeteer-core\\lib\\cjs\\puppeteer\\util\\decorators.js:109:27)\n    at CdpPage.waitForNavigation (C:\\Users\\snikb\\OneDrive\\Desktop\\kingsform-automation\\node_modules\\puppeteer-core\\lib\\cjs\\puppeteer\\api\\Page.js:603:43)\n    at CdpPage.reload (C:\\Users\\snikb\\OneDrive\\Desktop\\kingsform-automation\\node_modules\\puppeteer-core\\lib\\cjs\\puppeteer\\cdp\\Page.js:678:18)\n    at KingsFormsAutomationEngine.handleRetry (C:\\Users\\snikb\\OneDrive\\Desktop\\kingsform-automation\\src\\automationEngine.js:371:21)\n    at KingsFormsAutomationEngine.processRecord (C:\\Users\\snikb\\OneDrive\\Desktop\\kingsform-automation\\src\\automationEngine.js:190:22)\n    at async KingsFormsAutomationEngine.startAutomation (C:\\Users\\snikb\\OneDrive\\Desktop\\kingsform-automation\\src\\automationEngine.js:121:9)","timestamp":"2025-10-28 23:10:17"}
{"level":"error","message":"💀 MAX RETRIES EXCEEDED for KANAMKAI JAULE","service":"kingsforms-automation","timestamp":"2025-10-29 05:17:58"}
{"level":"error","message":"💀 MAX RETRIES EXCEEDED for Sylvester Ambrose","service":"kingsforms-automation","timestamp":"2025-10-29 05:18:08"}
{"level":"error","message":"💀 MAX RETRIES EXCEEDED for Soso Anthony","service":"kingsforms-automation","timestamp":"2025-10-29 05:18:18"}
{"level":"error","message":"💀 MAX RETRIES EXCEEDED for Shaibu Sunday","service":"kingsforms-automation","timestamp":"2025-10-29 05:18:27"}
{"level":"error","message":"💀 MAX RETRIES EXCEEDED for Onuoha Chukwuemeka","service":"kingsforms-automation","timestamp":"2025-10-29 05:18:37"}
{"level":"error","message":"💀 MAX RETRIES EXCEEDED for Uwem Gentle","service":"kingsforms-automation","timestamp":"2025-10-29 05:18:46"}
{"level":"error","message":"💀 MAX RETRIES EXCEEDED for RITA OPASHI","service":"kingsforms-automation","timestamp":"2025-10-29 05:23:19"}
{"level":"error","message":"💀 MAX RETRIES EXCEEDED for Adeyinka Tinuade","service":"kingsforms-automation","timestamp":"2025-10-29 05:23:28"}
{"level":"error","message":"💀 MAX RETRIES EXCEEDED for KANAMKAI JAULE","service":"kingsforms-automation","timestamp":"2025-10-29 05:23:38"}
{"level":"error","message":"💀 MAX RETRIES EXCEEDED for Sylvester Ambrose","service":"kingsforms-automation","timestamp":"2025-10-29 05:23:48"}
{"level":"error","message":"💀 MAX RETRIES EXCEEDED for Adeyinka Tinuade","service":"kingsforms-automation","timestamp":"2025-10-29 05:34:09"}
{"level":"error","message":"💀 MAX RETRIES EXCEEDED for KANAMKAI JAULE","service":"kingsforms-automation","timestamp":"2025-10-29 05:34:19"}
{"level":"error","message":"💀 MAX RETRIES EXCEEDED for Sylvester Ambrose","service":"kingsforms-automation","timestamp":"2025-10-29 05:34:29"}
{"level":"error","message":"💀 MAX RETRIES EXCEEDED for RITA OPASHI","service":"kingsforms-automation","timestamp":"2025-10-29 05:46:56"}
{"level":"error","message":"💀 MAX RETRIES EXCEEDED for Adeyinka Tinuade","service":"kingsforms-automation","timestamp":"2025-10-29 05:47:06"}
{"level":"error","message":"💀 MAX RETRIES EXCEEDED for RITA OPASHI","service":"kingsforms-automation","timestamp":"2025-10-29 06:02:59"}
{"level":"error","message":"💀 MAX RETRIES EXCEEDED for Adeyinka Tinuade","service":"kingsforms-automation","timestamp":"2025-10-29 06:03:09"}
{"level":"error","message":"💀 MAX RETRIES EXCEEDED for KANAMKAI JAULE","service":"kingsforms-automation","timestamp":"2025-10-29 06:03:19"}
{"level":"error","message":"💀 MAX RETRIES EXCEEDED for Sylvester Ambrose","service":"kingsforms-automation","timestamp":"2025-10-29 06:03:28"}
{"level":"error","message":"💀 MAX RETRIES EXCEEDED for Soso Anthony","service":"kingsforms-automation","timestamp":"2025-10-29 06:03:38"}
{"level":"error","message":"💀 MAX RETRIES EXCEEDED for Shaibu Sunday","service":"kingsforms-automation","timestamp":"2025-10-29 06:03:48"}
{"level":"error","message":"💀 MAX RETRIES EXCEEDED for Onuoha Chukwuemeka","service":"kingsforms-automation","timestamp":"2025-10-29 06:04:00"}
{"level":"error","message":"💀 MAX RETRIES EXCEEDED for Uwem Gentle","service":"kingsforms-automation","timestamp":"2025-10-29 06:04:09"}
{"level":"error","message":"💀 MAX RETRIES EXCEEDED for Frank Egede","service":"kingsforms-automation","timestamp":"2025-10-29 06:04:19"}
{"level":"error","message":"💀 MAX RETRIES EXCEEDED for RITA OPASHI","service":"kingsforms-automation","timestamp":"2025-10-29 06:09:34"}
{"level":"error","message":"💀 MAX RETRIES EXCEEDED for Adeyinka Tinuade","service":"kingsforms-automation","timestamp":"2025-10-29 06:09:43"}
{"level":"error","message":"💀 MAX RETRIES EXCEEDED for KANAMKAI JAULE","service":"kingsforms-automation","timestamp":"2025-10-29 06:09:53"}
{"cause":{},"level":"error","message":"Automation failed: Navigating frame was detached","service":"kingsforms-automation","stack":"Error: Navigating frame was detached\n    at <instance_members_initializer> (C:\\Users\\snikb\\OneDrive\\Desktop\\kingsform-automation\\node_modules\\puppeteer-core\\lib\\cjs\\puppeteer\\cdp\\LifecycleWatcher.js:36:14)\n    at new LifecycleWatcher (C:\\Users\\snikb\\OneDrive\\Desktop\\kingsform-automation\\node_modules\\puppeteer-core\\lib\\cjs\\puppeteer\\cdp\\LifecycleWatcher.js:40:16)\n    at CdpFrame.waitForNavigation (C:\\Users\\snikb\\OneDrive\\Desktop\\kingsform-automation\\node_modules\\puppeteer-core\\lib\\cjs\\puppeteer\\cdp\\Frame.js:197:29)\n    at CdpFrame.<anonymous> (C:\\Users\\snikb\\OneDrive\\Desktop\\kingsform-automation\\node_modules\\puppeteer-core\\lib\\cjs\\puppeteer\\util\\decorators.js:109:27)\n    at CdpPage.waitForNavigation (C:\\Users\\snikb\\OneDrive\\Desktop\\kingsform-automation\\node_modules\\puppeteer-core\\lib\\cjs\\puppeteer\\api\\Page.js:603:43)\n    at CdpPage.reload (C:\\Users\\snikb\\OneDrive\\Desktop\\kingsform-automation\\node_modules\\puppeteer-core\\lib\\cjs\\puppeteer\\cdp\\Page.js:678:18)\n    at KingsFormsAutomationEngine.handleRetry (C:\\Users\\snikb\\OneDrive\\Desktop\\kingsform-automation\\src\\automationEngine.js:371:21)\n    at KingsFormsAutomationEngine.processRecord (C:\\Users\\snikb\\OneDrive\\Desktop\\kingsform-automation\\src\\automationEngine.js:190:22)\n    at async KingsFormsAutomationEngine.startAutomation (C:\\Users\\snikb\\OneDrive\\Desktop\\kingsform-automation\\src\\automationEngine.js:121:9)","timestamp":"2025-10-29 06:15:06"}
{"cause":{},"level":"error","message":"Automation failed: Navigating frame was detached","service":"kingsforms-automation","stack":"Error: Navigating frame was detached\n    at <instance_members_initializer> (C:\\Users\\snikb\\OneDrive\\Desktop\\kingsform-automation\\node_modules\\puppeteer-core\\lib\\cjs\\puppeteer\\cdp\\LifecycleWatcher.js:36:14)\n    at new LifecycleWatcher (C:\\Users\\snikb\\OneDrive\\Desktop\\kingsform-automation\\node_modules\\puppeteer-core\\lib\\cjs\\puppeteer\\cdp\\LifecycleWatcher.js:40:16)\n    at CdpFrame.waitForNavigation (C:\\Users\\snikb\\OneDrive\\Desktop\\kingsform-automation\\node_modules\\puppeteer-core\\lib\\cjs\\puppeteer\\cdp\\Frame.js:197:29)\n    at CdpFrame.<anonymous> (C:\\Users\\snikb\\OneDrive\\Desktop\\kingsform-automation\\node_modules\\puppeteer-core\\lib\\cjs\\puppeteer\\util\\decorators.js:109:27)\n    at CdpPage.waitForNavigation (C:\\Users\\snikb\\OneDrive\\Desktop\\kingsform-automation\\node_modules\\puppeteer-core\\lib\\cjs\\puppeteer\\api\\Page.js:603:43)\n    at CdpPage.reload (C:\\Users\\snikb\\OneDrive\\Desktop\\kingsform-automation\\node_modules\\puppeteer-core\\lib\\cjs\\puppeteer\\cdp\\Page.js:678:18)\n    at KingsFormsAutomationEngine.handleRetry (C:\\Users\\snikb\\OneDrive\\Desktop\\kingsform-automation\\src\\automationEngine.js:371:21)\n    at KingsFormsAutomationEngine.processRecord (C:\\Users\\snikb\\OneDrive\\Desktop\\kingsform-automation\\src\\automationEngine.js:190:22)\n    at async KingsFormsAutomationEngine.startAutomation (C:\\Users\\snikb\\OneDrive\\Desktop\\kingsform-automation\\src\\automationEngine.js:121:9)","timestamp":"2025-10-29 06:15:06"}
{"level":"error","message":"Failed to navigate to form: this.page.waitForTimeout is not a function","service":"kingsforms-automation","stack":"TypeError: this.page.waitForTimeout is not a function\n    at KingsFormsAutomationEngine.navigateToForm (C:\\Users\\snikb\\OneDrive\\Desktop\\kingsform-automation\\src\\automationEngine.js:157:23)\n    at async KingsFormsAutomationEngine.startAutomation (C:\\Users\\snikb\\OneDrive\\Desktop\\kingsform-automation\\src\\automationEngine.js:134:7)\n    at async testAutomation (C:\\Users\\snikb\\OneDrive\\Desktop\\kingsform-automation\\test-automation.js:29:5)","timestamp":"2025-10-29 16:14:50"}
{"level":"error","message":"Failed to navigate to form: this.page.waitForTimeout is not a function","service":"kingsforms-automation","stack":"TypeError: this.page.waitForTimeout is not a function\n    at KingsFormsAutomationEngine.navigateToForm (C:\\Users\\snikb\\OneDrive\\Desktop\\kingsform-automation\\src\\automationEngine.js:157:23)\n    at async KingsFormsAutomationEngine.startAutomation (C:\\Users\\snikb\\OneDrive\\Desktop\\kingsform-automation\\src\\automationEngine.js:134:7)","timestamp":"2025-10-29 16:18:00"}
{"level":"error","message":"Automation failed: Navigation failed: this.page.waitForTimeout is not a function","service":"kingsforms-automation","stack":"Error: Navigation failed: this.page.waitForTimeout is not a function\n    at KingsFormsAutomationEngine.navigateToForm (C:\\Users\\snikb\\OneDrive\\Desktop\\kingsform-automation\\src\\automationEngine.js:176:13)\n    at async KingsFormsAutomationEngine.startAutomation (C:\\Users\\snikb\\OneDrive\\Desktop\\kingsform-automation\\src\\automationEngine.js:134:7)","timestamp":"2025-10-29 16:18:00"}
{"level":"error","message":"Automation failed: Navigation failed: this.page.waitForTimeout is not a function","service":"kingsforms-automation","stack":"Error: Navigation failed: this.page.waitForTimeout is not a function\n    at KingsFormsAutomationEngine.navigateToForm (C:\\Users\\snikb\\OneDrive\\Desktop\\kingsform-automation\\src\\automationEngine.js:176:13)\n    at async KingsFormsAutomationEngine.startAutomation (C:\\Users\\snikb\\OneDrive\\Desktop\\kingsform-automation\\src\\automationEngine.js:134:7)","timestamp":"2025-10-29 16:18:00"}
{"level":"error","message":"Failed to navigate to form: this.page.waitForTimeout is not a function","service":"kingsforms-automation","stack":"TypeError: this.page.waitForTimeout is not a function\n    at KingsFormsAutomationEngine.navigateToForm (C:\\Users\\snikb\\OneDrive\\Desktop\\kingsform-automation\\src\\automationEngine.js:157:23)\n    at async KingsFormsAutomationEngine.startAutomation (C:\\Users\\snikb\\OneDrive\\Desktop\\kingsform-automation\\src\\automationEngine.js:134:7)","timestamp":"2025-10-29 16:19:36"}
{"level":"error","message":"Automation failed: Navigation failed: this.page.waitForTimeout is not a function","service":"kingsforms-automation","stack":"Error: Navigation failed: this.page.waitForTimeout is not a function\n    at KingsFormsAutomationEngine.navigateToForm (C:\\Users\\snikb\\OneDrive\\Desktop\\kingsform-automation\\src\\automationEngine.js:176:13)\n    at async KingsFormsAutomationEngine.startAutomation (C:\\Users\\snikb\\OneDrive\\Desktop\\kingsform-automation\\src\\automationEngine.js:134:7)","timestamp":"2025-10-29 16:19:36"}
{"level":"error","message":"Automation failed: Navigation failed: this.page.waitForTimeout is not a function","service":"kingsforms-automation","stack":"Error: Navigation failed: this.page.waitForTimeout is not a function\n    at KingsFormsAutomationEngine.navigateToForm (C:\\Users\\snikb\\OneDrive\\Desktop\\kingsform-automation\\src\\automationEngine.js:176:13)\n    at async KingsFormsAutomationEngine.startAutomation (C:\\Users\\snikb\\OneDrive\\Desktop\\kingsform-automation\\src\\automationEngine.js:134:7)","timestamp":"2025-10-29 16:19:36"}
{"level":"error","message":"Automation failed: Navigation timeout of 30000 ms exceeded","name":"TimeoutError","service":"kingsforms-automation","stack":"TimeoutError: Navigation timeout of 30000 ms exceeded\n    at new Deferred (C:\\Users\\snikb\\OneDrive\\Desktop\\kingsform-automation\\node_modules\\puppeteer-core\\lib\\cjs\\puppeteer\\util\\Deferred.js:60:34)\n    at Deferred.create (C:\\Users\\snikb\\OneDrive\\Desktop\\kingsform-automation\\node_modules\\puppeteer-core\\lib\\cjs\\puppeteer\\util\\Deferred.js:21:16)\n    at new LifecycleWatcher (C:\\Users\\snikb\\OneDrive\\Desktop\\kingsform-automation\\node_modules\\puppeteer-core\\lib\\cjs\\puppeteer\\cdp\\LifecycleWatcher.js:73:60)\n    at CdpFrame.waitForNavigation (C:\\Users\\snikb\\OneDrive\\Desktop\\kingsform-automation\\node_modules\\puppeteer-core\\lib\\cjs\\puppeteer\\cdp\\Frame.js:197:29)\n    at CdpFrame.<anonymous> (C:\\Users\\snikb\\OneDrive\\Desktop\\kingsform-automation\\node_modules\\puppeteer-core\\lib\\cjs\\puppeteer\\util\\decorators.js:109:27)\n    at CdpPage.waitForNavigation (C:\\Users\\snikb\\OneDrive\\Desktop\\kingsform-automation\\node_modules\\puppeteer-core\\lib\\cjs\\puppeteer\\api\\Page.js:603:43)\n    at CdpPage.reload (C:\\Users\\snikb\\OneDrive\\Desktop\\kingsform-automation\\node_modules\\puppeteer-core\\lib\\cjs\\puppeteer\\cdp\\Page.js:678:18)\n    at KingsFormsAutomationEngine.handleRetry (C:\\Users\\snikb\\OneDrive\\Desktop\\kingsform-automation\\src\\automationEngine.js:495:23)\n    at KingsFormsAutomationEngine.processRecord (C:\\Users\\snikb\\OneDrive\\Desktop\\kingsform-automation\\src\\automationEngine.js:233:22)\n    at async KingsFormsAutomationEngine.startAutomation (C:\\Users\\snikb\\OneDrive\\Desktop\\kingsform-automation\\src\\automationEngine.js:137:9)","timestamp":"2025-10-29 17:06:41"}
{"level":"error","message":"Automation failed: Navigation timeout of 30000 ms exceeded","name":"TimeoutError","service":"kingsforms-automation","stack":"TimeoutError: Navigation timeout of 30000 ms exceeded\n    at new Deferred (C:\\Users\\snikb\\OneDrive\\Desktop\\kingsform-automation\\node_modules\\puppeteer-core\\lib\\cjs\\puppeteer\\util\\Deferred.js:60:34)\n    at Deferred.create (C:\\Users\\snikb\\OneDrive\\Desktop\\kingsform-automation\\node_modules\\puppeteer-core\\lib\\cjs\\puppeteer\\util\\Deferred.js:21:16)\n    at new LifecycleWatcher (C:\\Users\\snikb\\OneDrive\\Desktop\\kingsform-automation\\node_modules\\puppeteer-core\\lib\\cjs\\puppeteer\\cdp\\LifecycleWatcher.js:73:60)\n    at CdpFrame.waitForNavigation (C:\\Users\\snikb\\OneDrive\\Desktop\\kingsform-automation\\node_modules\\puppeteer-core\\lib\\cjs\\puppeteer\\cdp\\Frame.js:197:29)\n    at CdpFrame.<anonymous> (C:\\Users\\snikb\\OneDrive\\Desktop\\kingsform-automation\\node_modules\\puppeteer-core\\lib\\cjs\\puppeteer\\util\\decorators.js:109:27)\n    at CdpPage.waitForNavigation (C:\\Users\\snikb\\OneDrive\\Desktop\\kingsform-automation\\node_modules\\puppeteer-core\\lib\\cjs\\puppeteer\\api\\Page.js:603:43)\n    at CdpPage.reload (C:\\Users\\snikb\\OneDrive\\Desktop\\kingsform-automation\\node_modules\\puppeteer-core\\lib\\cjs\\puppeteer\\cdp\\Page.js:678:18)\n    at KingsFormsAutomationEngine.handleRetry (C:\\Users\\snikb\\OneDrive\\Desktop\\kingsform-automation\\src\\automationEngine.js:495:23)\n    at KingsFormsAutomationEngine.processRecord (C:\\Users\\snikb\\OneDrive\\Desktop\\kingsform-automation\\src\\automationEngine.js:233:22)\n    at async KingsFormsAutomationEngine.startAutomation (C:\\Users\\snikb\\OneDrive\\Desktop\\kingsform-automation\\src\\automationEngine.js:137:9)","timestamp":"2025-10-29 17:06:41"}
{"level":"error","message":"💀 MAX RETRIES EXCEEDED for Williams Alalibo","service":"kingsforms-automation","timestamp":"2025-10-29 18:37:21"}
{"level":"error","message":"Automation failed: Navigation timeout of 30000 ms exceeded","name":"TimeoutError","service":"kingsforms-automation","stack":"TimeoutError: Navigation timeout of 30000 ms exceeded\n    at new Deferred (C:\\Users\\snikb\\OneDrive\\Desktop\\kingsform-automation\\node_modules\\puppeteer-core\\lib\\cjs\\puppeteer\\util\\Deferred.js:60:34)\n    at Deferred.create (C:\\Users\\snikb\\OneDrive\\Desktop\\kingsform-automation\\node_modules\\puppeteer-core\\lib\\cjs\\puppeteer\\util\\Deferred.js:21:16)\n    at new LifecycleWatcher (C:\\Users\\snikb\\OneDrive\\Desktop\\kingsform-automation\\node_modules\\puppeteer-core\\lib\\cjs\\puppeteer\\cdp\\LifecycleWatcher.js:73:60)\n    at CdpFrame.waitForNavigation (C:\\Users\\snikb\\OneDrive\\Desktop\\kingsform-automation\\node_modules\\puppeteer-core\\lib\\cjs\\puppeteer\\cdp\\Frame.js:197:29)\n    at CdpFrame.<anonymous> (C:\\Users\\snikb\\OneDrive\\Desktop\\kingsform-automation\\node_modules\\puppeteer-core\\lib\\cjs\\puppeteer\\util\\decorators.js:109:27)\n    at CdpPage.waitForNavigation (C:\\Users\\snikb\\OneDrive\\Desktop\\kingsform-automation\\node_modules\\puppeteer-core\\lib\\cjs\\puppeteer\\api\\Page.js:603:43)\n    at CdpPage.reload (C:\\Users\\snikb\\OneDrive\\Desktop\\kingsform-automation\\node_modules\\puppeteer-core\\lib\\cjs\\puppeteer\\cdp\\Page.js:678:18)\n    at KingsFormsAutomationEngine.handleRetry (C:\\Users\\snikb\\OneDrive\\Desktop\\kingsform-automation\\src\\automationEngine.js:495:23)\n    at KingsFormsAutomationEngine.processRecord (C:\\Users\\snikb\\OneDrive\\Desktop\\kingsform-automation\\src\\automationEngine.js:233:22)\n    at async KingsFormsAutomationEngine.startAutomation (C:\\Users\\snikb\\OneDrive\\Desktop\\kingsform-automation\\src\\automationEngine.js:137:9)","timestamp":"2025-10-29 22:30:12"}
{"level":"error","message":"Automation failed: Navigation timeout of 30000 ms exceeded","name":"TimeoutError","service":"kingsforms-automation","stack":"TimeoutError: Navigation timeout of 30000 ms exceeded\n    at new Deferred (C:\\Users\\snikb\\OneDrive\\Desktop\\kingsform-automation\\node_modules\\puppeteer-core\\lib\\cjs\\puppeteer\\util\\Deferred.js:60:34)\n    at Deferred.create (C:\\Users\\snikb\\OneDrive\\Desktop\\kingsform-automation\\node_modules\\puppeteer-core\\lib\\cjs\\puppeteer\\util\\Deferred.js:21:16)\n    at new LifecycleWatcher (C:\\Users\\snikb\\OneDrive\\Desktop\\kingsform-automation\\node_modules\\puppeteer-core\\lib\\cjs\\puppeteer\\cdp\\LifecycleWatcher.js:73:60)\n    at CdpFrame.waitForNavigation (C:\\Users\\snikb\\OneDrive\\Desktop\\kingsform-automation\\node_modules\\puppeteer-core\\lib\\cjs\\puppeteer\\cdp\\Frame.js:197:29)\n    at CdpFrame.<anonymous> (C:\\Users\\snikb\\OneDrive\\Desktop\\kingsform-automation\\node_modules\\puppeteer-core\\lib\\cjs\\puppeteer\\util\\decorators.js:109:27)\n    at CdpPage.waitForNavigation (C:\\Users\\snikb\\OneDrive\\Desktop\\kingsform-automation\\node_modules\\puppeteer-core\\lib\\cjs\\puppeteer\\api\\Page.js:603:43)\n    at CdpPage.reload (C:\\Users\\snikb\\OneDrive\\Desktop\\kingsform-automation\\node_modules\\puppeteer-core\\lib\\cjs\\puppeteer\\cdp\\Page.js:678:18)\n    at KingsFormsAutomationEngine.handleRetry (C:\\Users\\snikb\\OneDrive\\Desktop\\kingsform-automation\\src\\automationEngine.js:495:23)\n    at KingsFormsAutomationEngine.processRecord (C:\\Users\\snikb\\OneDrive\\Desktop\\kingsform-automation\\src\\automationEngine.js:233:22)\n    at async KingsFormsAutomationEngine.startAutomation (C:\\Users\\snikb\\OneDrive\\Desktop\\kingsform-automation\\src\\automationEngine.js:137:9)","timestamp":"2025-10-29 22:30:12"}
{"level":"error","message":"Failed to navigate to form: Cannot read properties of null (reading 'goto')","service":"kingsforms-automation","stack":"TypeError: Cannot read properties of null (reading 'goto')\n    at KingsFormsAutomationEngine.navigateToForm (C:\\Users\\snikb\\OneDrive\\Desktop\\kingsform-automation\\src\\automationEngine.js:153:23)\n    at KingsFormsAutomationEngine.startAutomation (C:\\Users\\snikb\\OneDrive\\Desktop\\kingsform-automation\\src\\automationEngine.js:134:18)\n    at C:\\Users\\snikb\\OneDrive\\Desktop\\kingsform-automation\\src\\server.js:141:12","timestamp":"2025-10-29 22:35:31"}
{"level":"error","message":"Automation failed: Navigation failed: Cannot read properties of null (reading 'goto')","service":"kingsforms-automation","stack":"Error: Navigation failed: Cannot read properties of null (reading 'goto')\n    at KingsFormsAutomationEngine.navigateToForm (C:\\Users\\snikb\\OneDrive\\Desktop\\kingsform-automation\\src\\automationEngine.js:176:13)\n    at KingsFormsAutomationEngine.startAutomation (C:\\Users\\snikb\\OneDrive\\Desktop\\kingsform-automation\\src\\automationEngine.js:134:18)\n    at C:\\Users\\snikb\\OneDrive\\Desktop\\kingsform-automation\\src\\server.js:141:12","timestamp":"2025-10-29 22:35:31"}
{"level":"error","message":"Automation failed: Navigation failed: Cannot read properties of null (reading 'goto')","service":"kingsforms-automation","stack":"Error: Navigation failed: Cannot read properties of null (reading 'goto')\n    at KingsFormsAutomationEngine.navigateToForm (C:\\Users\\snikb\\OneDrive\\Desktop\\kingsform-automation\\src\\automationEngine.js:176:13)\n    at KingsFormsAutomationEngine.startAutomation (C:\\Users\\snikb\\OneDrive\\Desktop\\kingsform-automation\\src\\automationEngine.js:134:18)\n    at C:\\Users\\snikb\\OneDrive\\Desktop\\kingsform-automation\\src\\server.js:141:12","timestamp":"2025-10-29 22:35:31"}
{"cause":{"name":"TimeoutError"},"level":"error","message":"Automation failed: Waiting for selector `input[type=\"submit\"], button[type=\"submit\"], #submit-button, .submit-button` failed","name":"TimeoutError","service":"kingsforms-automation","stack":"TimeoutError: Waiting for selector `input[type=\"submit\"], button[type=\"submit\"], #submit-button, .submit-button` failed\n    at CSSQueryHandler.waitFor (C:\\Users\\snikb\\OneDrive\\Desktop\\kingsform-automation\\node_modules\\puppeteer-core\\lib\\cjs\\puppeteer\\common\\QueryHandler.js:214:46)\n    at async CdpFrame.waitForSelector (C:\\Users\\snikb\\OneDrive\\Desktop\\kingsform-automation\\node_modules\\puppeteer-core\\lib\\cjs\\puppeteer\\api\\Frame.js:544:21)\n    at async CdpPage.waitForSelector (C:\\Users\\snikb\\OneDrive\\Desktop\\kingsform-automation\\node_modules\\puppeteer-core\\lib\\cjs\\puppeteer\\api\\Page.js:1377:20)\n    at async KingsFormsAutomationEngine.handleRetry (C:\\Users\\snikb\\OneDrive\\Desktop\\kingsform-automation\\src\\automationEngine.js:506:5)\n    at async KingsFormsAutomationEngine.processRecord (C:\\Users\\snikb\\OneDrive\\Desktop\\kingsform-automation\\src\\automationEngine.js:233:11)\n    at async KingsFormsAutomationEngine.startAutomation (C:\\Users\\snikb\\OneDrive\\Desktop\\kingsform-automation\\src\\automationEngine.js:137:9)","timestamp":"2025-10-30 07:52:13"}
{"cause":{"name":"TimeoutError"},"level":"error","message":"Automation failed: Waiting for selector `input[type=\"submit\"], button[type=\"submit\"], #submit-button, .submit-button` failed","name":"TimeoutError","service":"kingsforms-automation","stack":"TimeoutError: Waiting for selector `input[type=\"submit\"], button[type=\"submit\"], #submit-button, .submit-button` failed\n    at CSSQueryHandler.waitFor (C:\\Users\\snikb\\OneDrive\\Desktop\\kingsform-automation\\node_modules\\puppeteer-core\\lib\\cjs\\puppeteer\\common\\QueryHandler.js:214:46)\n    at async CdpFrame.waitForSelector (C:\\Users\\snikb\\OneDrive\\Desktop\\kingsform-automation\\node_modules\\puppeteer-core\\lib\\cjs\\puppeteer\\api\\Frame.js:544:21)\n    at async CdpPage.waitForSelector (C:\\Users\\snikb\\OneDrive\\Desktop\\kingsform-automation\\node_modules\\puppeteer-core\\lib\\cjs\\puppeteer\\api\\Page.js:1377:20)\n    at async KingsFormsAutomationEngine.handleRetry (C:\\Users\\snikb\\OneDrive\\Desktop\\kingsform-automation\\src\\automationEngine.js:506:5)\n    at async KingsFormsAutomationEngine.processRecord (C:\\Users\\snikb\\OneDrive\\Desktop\\kingsform-automation\\src\\automationEngine.js:233:11)\n    at async KingsFormsAutomationEngine.startAutomation (C:\\Users\\snikb\\OneDrive\\Desktop\\kingsform-automation\\src\\automationEngine.js:137:9)","timestamp":"2025-10-30 07:52:13"}
{"level":"error","message":"Automation failed: Navigation timeout of 30000 ms exceeded","name":"TimeoutError","service":"kingsforms-automation","stack":"TimeoutError: Navigation timeout of 30000 ms exceeded\n    at new Deferred (C:\\Users\\snikb\\OneDrive\\Desktop\\kingsform-automation\\node_modules\\puppeteer-core\\lib\\cjs\\puppeteer\\util\\Deferred.js:60:34)\n    at Deferred.create (C:\\Users\\snikb\\OneDrive\\Desktop\\kingsform-automation\\node_modules\\puppeteer-core\\lib\\cjs\\puppeteer\\util\\Deferred.js:21:16)\n    at new LifecycleWatcher (C:\\Users\\snikb\\OneDrive\\Desktop\\kingsform-automation\\node_modules\\puppeteer-core\\lib\\cjs\\puppeteer\\cdp\\LifecycleWatcher.js:73:60)\n    at CdpFrame.waitForNavigation (C:\\Users\\snikb\\OneDrive\\Desktop\\kingsform-automation\\node_modules\\puppeteer-core\\lib\\cjs\\puppeteer\\cdp\\Frame.js:197:29)\n    at CdpFrame.<anonymous> (C:\\Users\\snikb\\OneDrive\\Desktop\\kingsform-automation\\node_modules\\puppeteer-core\\lib\\cjs\\puppeteer\\util\\decorators.js:109:27)\n    at CdpPage.waitForNavigation (C:\\Users\\snikb\\OneDrive\\Desktop\\kingsform-automation\\node_modules\\puppeteer-core\\lib\\cjs\\puppeteer\\api\\Page.js:603:43)\n    at CdpPage.reload (C:\\Users\\snikb\\OneDrive\\Desktop\\kingsform-automation\\node_modules\\puppeteer-core\\lib\\cjs\\puppeteer\\cdp\\Page.js:678:18)\n    at KingsFormsAutomationEngine.handleRetry (C:\\Users\\snikb\\OneDrive\\Desktop\\kingsform-automation\\src\\automationEngine.js:495:23)\n    at KingsFormsAutomationEngine.processRecord (C:\\Users\\snikb\\OneDrive\\Desktop\\kingsform-automation\\src\\automationEngine.js:233:22)\n    at async KingsFormsAutomationEngine.startAutomation (C:\\Users\\snikb\\OneDrive\\Desktop\\kingsform-automation\\src\\automationEngine.js:137:9)","timestamp":"2025-10-30 13:38:09"}
{"level":"error","message":"Automation failed: Navigation timeout of 30000 ms exceeded","name":"TimeoutError","service":"kingsforms-automation","stack":"TimeoutError: Navigation timeout of 30000 ms exceeded\n    at new Deferred (C:\\Users\\snikb\\OneDrive\\Desktop\\kingsform-automation\\node_modules\\puppeteer-core\\lib\\cjs\\puppeteer\\util\\Deferred.js:60:34)\n    at Deferred.create (C:\\Users\\snikb\\OneDrive\\Desktop\\kingsform-automation\\node_modules\\puppeteer-core\\lib\\cjs\\puppeteer\\util\\Deferred.js:21:16)\n    at new LifecycleWatcher (C:\\Users\\snikb\\OneDrive\\Desktop\\kingsform-automation\\node_modules\\puppeteer-core\\lib\\cjs\\puppeteer\\cdp\\LifecycleWatcher.js:73:60)\n    at CdpFrame.waitForNavigation (C:\\Users\\snikb\\OneDrive\\Desktop\\kingsform-automation\\node_modules\\puppeteer-core\\lib\\cjs\\puppeteer\\cdp\\Frame.js:197:29)\n    at CdpFrame.<anonymous> (C:\\Users\\snikb\\OneDrive\\Desktop\\kingsform-automation\\node_modules\\puppeteer-core\\lib\\cjs\\puppeteer\\util\\decorators.js:109:27)\n    at CdpPage.waitForNavigation (C:\\Users\\snikb\\OneDrive\\Desktop\\kingsform-automation\\node_modules\\puppeteer-core\\lib\\cjs\\puppeteer\\api\\Page.js:603:43)\n    at CdpPage.reload (C:\\Users\\snikb\\OneDrive\\Desktop\\kingsform-automation\\node_modules\\puppeteer-core\\lib\\cjs\\puppeteer\\cdp\\Page.js:678:18)\n    at KingsFormsAutomationEngine.handleRetry (C:\\Users\\snikb\\OneDrive\\Desktop\\kingsform-automation\\src\\automationEngine.js:495:23)\n    at KingsFormsAutomationEngine.processRecord (C:\\Users\\snikb\\OneDrive\\Desktop\\kingsform-automation\\src\\automationEngine.js:233:22)\n    at async KingsFormsAutomationEngine.startAutomation (C:\\Users\\snikb\\OneDrive\\Desktop\\kingsform-automation\\src\\automationEngine.js:137:9)","timestamp":"2025-10-30 13:38:09"}
{"level":"error","message":"Automation failed: Navigation timeout of 30000 ms exceeded","name":"TimeoutError","service":"kingsforms-automation","stack":"TimeoutError: Navigation timeout of 30000 ms exceeded\n    at new Deferred (C:\\Users\\snikb\\OneDrive\\Desktop\\kingsform-automation\\node_modules\\puppeteer-core\\lib\\cjs\\puppeteer\\util\\Deferred.js:60:34)\n    at Deferred.create (C:\\Users\\snikb\\OneDrive\\Desktop\\kingsform-automation\\node_modules\\puppeteer-core\\lib\\cjs\\puppeteer\\util\\Deferred.js:21:16)\n    at new LifecycleWatcher (C:\\Users\\snikb\\OneDrive\\Desktop\\kingsform-automation\\node_modules\\puppeteer-core\\lib\\cjs\\puppeteer\\cdp\\LifecycleWatcher.js:73:60)\n    at CdpFrame.waitForNavigation (C:\\Users\\snikb\\OneDrive\\Desktop\\kingsform-automation\\node_modules\\puppeteer-core\\lib\\cjs\\puppeteer\\cdp\\Frame.js:197:29)\n    at CdpFrame.<anonymous> (C:\\Users\\snikb\\OneDrive\\Desktop\\kingsform-automation\\node_modules\\puppeteer-core\\lib\\cjs\\puppeteer\\util\\decorators.js:109:27)\n    at CdpPage.waitForNavigation (C:\\Users\\snikb\\OneDrive\\Desktop\\kingsform-automation\\node_modules\\puppeteer-core\\lib\\cjs\\puppeteer\\api\\Page.js:603:43)\n    at CdpPage.reload (C:\\Users\\snikb\\OneDrive\\Desktop\\kingsform-automation\\node_modules\\puppeteer-core\\lib\\cjs\\puppeteer\\cdp\\Page.js:678:18)\n    at KingsFormsAutomationEngine.handleRetry (C:\\Users\\snikb\\OneDrive\\Desktop\\kingsform-automation\\src\\automationEngine.js:495:23)\n    at KingsFormsAutomationEngine.processRecord (C:\\Users\\snikb\\OneDrive\\Desktop\\kingsform-automation\\src\\automationEngine.js:233:22)\n    at async KingsFormsAutomationEngine.startAutomation (C:\\Users\\snikb\\OneDrive\\Desktop\\kingsform-automation\\src\\automationEngine.js:137:9)","timestamp":"2025-10-30 14:07:51"}
{"level":"error","message":"Automation failed: Navigation timeout of 30000 ms exceeded","name":"TimeoutError","service":"kingsforms-automation","stack":"TimeoutError: Navigation timeout of 30000 ms exceeded\n    at new Deferred (C:\\Users\\snikb\\OneDrive\\Desktop\\kingsform-automation\\node_modules\\puppeteer-core\\lib\\cjs\\puppeteer\\util\\Deferred.js:60:34)\n    at Deferred.create (C:\\Users\\snikb\\OneDrive\\Desktop\\kingsform-automation\\node_modules\\puppeteer-core\\lib\\cjs\\puppeteer\\util\\Deferred.js:21:16)\n    at new LifecycleWatcher (C:\\Users\\snikb\\OneDrive\\Desktop\\kingsform-automation\\node_modules\\puppeteer-core\\lib\\cjs\\puppeteer\\cdp\\LifecycleWatcher.js:73:60)\n    at CdpFrame.waitForNavigation (C:\\Users\\snikb\\OneDrive\\Desktop\\kingsform-automation\\node_modules\\puppeteer-core\\lib\\cjs\\puppeteer\\cdp\\Frame.js:197:29)\n    at CdpFrame.<anonymous> (C:\\Users\\snikb\\OneDrive\\Desktop\\kingsform-automation\\node_modules\\puppeteer-core\\lib\\cjs\\puppeteer\\util\\decorators.js:109:27)\n    at CdpPage.waitForNavigation (C:\\Users\\snikb\\OneDrive\\Desktop\\kingsform-automation\\node_modules\\puppeteer-core\\lib\\cjs\\puppeteer\\api\\Page.js:603:43)\n    at CdpPage.reload (C:\\Users\\snikb\\OneDrive\\Desktop\\kingsform-automation\\node_modules\\puppeteer-core\\lib\\cjs\\puppeteer\\cdp\\Page.js:678:18)\n    at KingsFormsAutomationEngine.handleRetry (C:\\Users\\snikb\\OneDrive\\Desktop\\kingsform-automation\\src\\automationEngine.js:495:23)\n    at KingsFormsAutomationEngine.processRecord (C:\\Users\\snikb\\OneDrive\\Desktop\\kingsform-automation\\src\\automationEngine.js:233:22)\n    at async KingsFormsAutomationEngine.startAutomation (C:\\Users\\snikb\\OneDrive\\Desktop\\kingsform-automation\\src\\automationEngine.js:137:9)","timestamp":"2025-10-30 14:07:51"}
{"cause":{"name":"TimeoutError"},"level":"error","message":"Automation failed: Waiting for selector `input[type=\"submit\"], button[type=\"submit\"], #submit-button, .submit-button` failed","name":"TimeoutError","service":"kingsforms-automation","stack":"TimeoutError: Waiting for selector `input[type=\"submit\"], button[type=\"submit\"], #submit-button, .submit-button` failed\n    at CSSQueryHandler.waitFor (C:\\Users\\snikb\\OneDrive\\Desktop\\kingsform-automation\\node_modules\\puppeteer-core\\lib\\cjs\\puppeteer\\common\\QueryHandler.js:214:46)\n    at async CdpFrame.waitForSelector (C:\\Users\\snikb\\OneDrive\\Desktop\\kingsform-automation\\node_modules\\puppeteer-core\\lib\\cjs\\puppeteer\\api\\Frame.js:544:21)\n    at async CdpPage.waitForSelector (C:\\Users\\snikb\\OneDrive\\Desktop\\kingsform-automation\\node_modules\\puppeteer-core\\lib\\cjs\\puppeteer\\api\\Page.js:1377:20)\n    at async KingsFormsAutomationEngine.handleRetry (C:\\Users\\snikb\\OneDrive\\Desktop\\kingsform-automation\\src\\automationEngine.js:506:5)\n    at async KingsFormsAutomationEngine.processRecord (C:\\Users\\snikb\\OneDrive\\Desktop\\kingsform-automation\\src\\automationEngine.js:233:11)\n    at async KingsFormsAutomationEngine.startAutomation (C:\\Users\\snikb\\OneDrive\\Desktop\\kingsform-automation\\src\\automationEngine.js:137:9)","timestamp":"2025-10-30 14:59:13"}
{"cause":{"name":"TimeoutError"},"level":"error","message":"Automation failed: Waiting for selector `input[type=\"submit\"], button[type=\"submit\"], #submit-button, .submit-button` failed","name":"TimeoutError","service":"kingsforms-automation","stack":"TimeoutError: Waiting for selector `input[type=\"submit\"], button[type=\"submit\"], #submit-button, .submit-button` failed\n    at CSSQueryHandler.waitFor (C:\\Users\\snikb\\OneDrive\\Desktop\\kingsform-automation\\node_modules\\puppeteer-core\\lib\\cjs\\puppeteer\\common\\QueryHandler.js:214:46)\n    at async CdpFrame.waitForSelector (C:\\Users\\snikb\\OneDrive\\Desktop\\kingsform-automation\\node_modules\\puppeteer-core\\lib\\cjs\\puppeteer\\api\\Frame.js:544:21)\n    at async CdpPage.waitForSelector (C:\\Users\\snikb\\OneDrive\\Desktop\\kingsform-automation\\node_modules\\puppeteer-core\\lib\\cjs\\puppeteer\\api\\Page.js:1377:20)\n    at async KingsFormsAutomationEngine.handleRetry (C:\\Users\\snikb\\OneDrive\\Desktop\\kingsform-automation\\src\\automationEngine.js:506:5)\n    at async KingsFormsAutomationEngine.processRecord (C:\\Users\\snikb\\OneDrive\\Desktop\\kingsform-automation\\src\\automationEngine.js:233:11)\n    at async KingsFormsAutomationEngine.startAutomation (C:\\Users\\snikb\\OneDrive\\Desktop\\kingsform-automation\\src\\automationEngine.js:137:9)","timestamp":"2025-10-30 14:59:13"}
{"cause":{"name":"TimeoutError"},"level":"error","message":"Automation failed: Waiting for selector `input[type=\"submit\"], button[type=\"submit\"], #submit-button, .submit-button` failed","name":"TimeoutError","service":"kingsforms-automation","stack":"TimeoutError: Waiting for selector `input[type=\"submit\"], button[type=\"submit\"], #submit-button, .submit-button` failed\n    at CSSQueryHandler.waitFor (C:\\Users\\snikb\\OneDrive\\Desktop\\kingsform-automation\\node_modules\\puppeteer-core\\lib\\cjs\\puppeteer\\common\\QueryHandler.js:214:46)\n    at async CdpFrame.waitForSelector (C:\\Users\\snikb\\OneDrive\\Desktop\\kingsform-automation\\node_modules\\puppeteer-core\\lib\\cjs\\puppeteer\\api\\Frame.js:544:21)\n    at async CdpPage.waitForSelector (C:\\Users\\snikb\\OneDrive\\Desktop\\kingsform-automation\\node_modules\\puppeteer-core\\lib\\cjs\\puppeteer\\api\\Page.js:1377:20)\n    at async KingsFormsAutomationEngine.handleRetry (C:\\Users\\snikb\\OneDrive\\Desktop\\kingsform-automation\\src\\automationEngine.js:506:5)\n    at async KingsFormsAutomationEngine.processRecord (C:\\Users\\snikb\\OneDrive\\Desktop\\kingsform-automation\\src\\automationEngine.js:233:11)\n    at async KingsFormsAutomationEngine.startAutomation (C:\\Users\\snikb\\OneDrive\\Desktop\\kingsform-automation\\src\\automationEngine.js:137:9)","timestamp":"2025-10-30 21:36:18"}
{"cause":{"name":"TimeoutError"},"level":"error","message":"Automation failed: Waiting for selector `input[type=\"submit\"], button[type=\"submit\"], #submit-button, .submit-button` failed","name":"TimeoutError","service":"kingsforms-automation","stack":"TimeoutError: Waiting for selector `input[type=\"submit\"], button[type=\"submit\"], #submit-button, .submit-button` failed\n    at CSSQueryHandler.waitFor (C:\\Users\\snikb\\OneDrive\\Desktop\\kingsform-automation\\node_modules\\puppeteer-core\\lib\\cjs\\puppeteer\\common\\QueryHandler.js:214:46)\n    at async CdpFrame.waitForSelector (C:\\Users\\snikb\\OneDrive\\Desktop\\kingsform-automation\\node_modules\\puppeteer-core\\lib\\cjs\\puppeteer\\api\\Frame.js:544:21)\n    at async CdpPage.waitForSelector (C:\\Users\\snikb\\OneDrive\\Desktop\\kingsform-automation\\node_modules\\puppeteer-core\\lib\\cjs\\puppeteer\\api\\Page.js:1377:20)\n    at async KingsFormsAutomationEngine.handleRetry (C:\\Users\\snikb\\OneDrive\\Desktop\\kingsform-automation\\src\\automationEngine.js:506:5)\n    at async KingsFormsAutomationEngine.processRecord (C:\\Users\\snikb\\OneDrive\\Desktop\\kingsform-automation\\src\\automationEngine.js:233:11)\n    at async KingsFormsAutomationEngine.startAutomation (C:\\Users\\snikb\\OneDrive\\Desktop\\kingsform-automation\\src\\automationEngine.js:137:9)","timestamp":"2025-10-30 21:36:18"}
{"cause":{"name":"TimeoutError"},"level":"error","message":"Automation failed: Waiting for selector `input[type=\"submit\"], button[type=\"submit\"], #submit-button, .submit-button` failed","name":"TimeoutError","service":"kingsforms-automation","stack":"TimeoutError: Waiting for selector `input[type=\"submit\"], button[type=\"submit\"], #submit-button, .submit-button` failed\n    at CSSQueryHandler.waitFor (C:\\Users\\snikb\\OneDrive\\Desktop\\kingsform-automation\\node_modules\\puppeteer-core\\lib\\cjs\\puppeteer\\common\\QueryHandler.js:214:46)\n    at async CdpFrame.waitForSelector (C:\\Users\\snikb\\OneDrive\\Desktop\\kingsform-automation\\node_modules\\puppeteer-core\\lib\\cjs\\puppeteer\\api\\Frame.js:544:21)\n    at async CdpPage.waitForSelector (C:\\Users\\snikb\\OneDrive\\Desktop\\kingsform-automation\\node_modules\\puppeteer-core\\lib\\cjs\\puppeteer\\api\\Page.js:1377:20)\n    at async KingsFormsAutomationEngine.handleRetry (C:\\Users\\snikb\\OneDrive\\Desktop\\kingsform-automation\\src\\automationEngine.js:506:5)\n    at async KingsFormsAutomationEngine.processRecord (C:\\Users\\snikb\\OneDrive\\Desktop\\kingsform-automation\\src\\automationEngine.js:233:11)\n    at async KingsFormsAutomationEngine.startAutomation (C:\\Users\\snikb\\OneDrive\\Desktop\\kingsform-automation\\src\\automationEngine.js:137:9)","timestamp":"2025-10-30 22:00:19"}
{"cause":{"name":"TimeoutError"},"level":"error","message":"Automation failed: Waiting for selector `input[type=\"submit\"], button[type=\"submit\"], #submit-button, .submit-button` failed","name":"TimeoutError","service":"kingsforms-automation","stack":"TimeoutError: Waiting for selector `input[type=\"submit\"], button[type=\"submit\"], #submit-button, .submit-button` failed\n    at CSSQueryHandler.waitFor (C:\\Users\\snikb\\OneDrive\\Desktop\\kingsform-automation\\node_modules\\puppeteer-core\\lib\\cjs\\puppeteer\\common\\QueryHandler.js:214:46)\n    at async CdpFrame.waitForSelector (C:\\Users\\snikb\\OneDrive\\Desktop\\kingsform-automation\\node_modules\\puppeteer-core\\lib\\cjs\\puppeteer\\api\\Frame.js:544:21)\n    at async CdpPage.waitForSelector (C:\\Users\\snikb\\OneDrive\\Desktop\\kingsform-automation\\node_modules\\puppeteer-core\\lib\\cjs\\puppeteer\\api\\Page.js:1377:20)\n    at async KingsFormsAutomationEngine.handleRetry (C:\\Users\\snikb\\OneDrive\\Desktop\\kingsform-automation\\src\\automationEngine.js:506:5)\n    at async KingsFormsAutomationEngine.processRecord (C:\\Users\\snikb\\OneDrive\\Desktop\\kingsform-automation\\src\\automationEngine.js:233:11)\n    at async KingsFormsAutomationEngine.startAutomation (C:\\Users\\snikb\\OneDrive\\Desktop\\kingsform-automation\\src\\automationEngine.js:137:9)","timestamp":"2025-10-30 22:00:19"}
